2021-07-23 15:52:43,765:INFO:PyCaret Supervised Module
2021-07-23 15:52:43,773:INFO:ML Usecase: classification
2021-07-23 15:52:43,773:INFO:version 2.3.2
2021-07-23 15:52:43,773:INFO:Initializing setup()
2021-07-23 15:52:43,777:INFO:setup(target=Class, ml_usecase=classification, available_plots={'parameter': 'Hyperparameters', 'auc': 'AUC', 'confusion_matrix': 'Confusion Matrix', 'threshold': 'Threshold', 'pr': 'Precision Recall', 'error': 'Prediction Error', 'class_report': 'Class Report', 'rfe': 'Feature Selection', 'learning': 'Learning Curve', 'manifold': 'Manifold Learning', 'calibration': 'Calibration Curve', 'vc': 'Validation Curve', 'dimension': 'Dimensions', 'feature': 'Feature Importance', 'feature_all': 'Feature Importance (All)', 'boundary': 'Decision Boundary', 'lift': 'Lift Chart', 'gain': 'Gain Chart', 'tree': 'Decision Tree', 'ks': 'KS Statistic Plot'}, train_size=0.8, test_data=None, preprocess=True, imputation_type=simple, iterative_imputation_iters=5, categorical_features=None, categorical_imputation=mode, categorical_iterative_imputer=lightgbm, ordinal_features=None, high_cardinality_features=None, high_cardinality_method=frequency, numeric_features=None, numeric_imputation=median, numeric_iterative_imputer=lightgbm, date_features=None, ignore_features=None, normalize=False, normalize_method=zscore, transformation=False, transformation_method=yeo-johnson, handle_unknown_categorical=True, unknown_categorical_method=least_frequent, pca=False, pca_method=linear, pca_components=None, ignore_low_variance=False, combine_rare_levels=False, rare_level_threshold=0.1, bin_numeric_features=None, remove_outliers=False, outliers_threshold=0.05, remove_multicollinearity=False, multicollinearity_threshold=0.9, remove_perfect_collinearity=True, create_clusters=False, cluster_iter=20, polynomial_features=False, polynomial_degree=2, trigonometry_features=False, polynomial_threshold=0.1, group_features=None, group_names=None, feature_selection=False, feature_selection_threshold=0.8, feature_selection_method=classic, feature_interaction=False, feature_ratio=False, interaction_threshold=0.01, fix_imbalance=False, fix_imbalance_method=None, transform_target=False, transform_target_method=box-cox, data_split_shuffle=True, data_split_stratify=False, fold_strategy=stratifiedkfold, fold=10, fold_shuffle=False, fold_groups=None, n_jobs=-1, use_gpu=False, custom_pipeline=None, html=True, session_id=42, log_experiment=False, experiment_name=None, log_plots=False, log_profile=False, log_data=False, silent=False, verbose=True, profile=False, profile_kwargs=None, display=None)
2021-07-23 15:52:43,777:INFO:Checking environment
2021-07-23 15:52:43,777:INFO:python_version: 3.8.8
2021-07-23 15:52:43,777:INFO:python_build: ('default', 'Apr 13 2021 15:08:03')
2021-07-23 15:52:43,777:INFO:machine: AMD64
2021-07-23 15:52:43,777:INFO:platform: Windows-10-10.0.19041-SP0
2021-07-23 15:52:43,777:INFO:Memory: svmem(total=17042837504, available=11515830272, percent=32.4, used=5527007232, free=11515830272)
2021-07-23 15:52:43,777:INFO:Physical Core: 8
2021-07-23 15:52:43,777:INFO:Logical Core: 16
2021-07-23 15:52:43,777:INFO:Checking libraries
2021-07-23 15:52:43,777:INFO:pd==1.2.4
2021-07-23 15:52:43,777:INFO:numpy==1.19.5
2021-07-23 15:52:43,777:INFO:sklearn==0.23.2
2021-07-23 15:52:43,777:INFO:lightgbm==3.2.1
2021-07-23 15:52:43,781:WARNING:catboost not found
2021-07-23 15:52:43,781:WARNING:xgboost not found
2021-07-23 15:52:44,854:INFO:mlflow==1.19.0
2021-07-23 15:52:44,858:INFO:Checking Exceptions
2021-07-23 15:52:44,858:INFO:Declaring global variables
2021-07-23 15:52:44,858:INFO:USI: 37cc
2021-07-23 15:52:44,858:INFO:pycaret_globals: {'data_before_preprocess', 'create_model_container', '_all_models', 'html_param', 'fold_groups_param_full', 'display_container', 'exp_name_log', 'fix_imbalance_param', 'y', 'imputation_classifier', 'stratify_param', 'X', 'log_plots_param', 'fix_imbalance_method_param', 'iterative_imputation_iters_param', 'target_param', 'imputation_regressor', 'fold_param', 'n_jobs_param', 'transform_target_method_param', 'y_test', 'y_train', 'pycaret_globals', '_gpu_n_jobs_param', 'experiment__', 'X_test', 'seed', 'X_train', 'USI', 'fold_generator', 'master_model_container', 'fold_shuffle_param', 'logging_param', 'fold_groups_param', '_internal_pipeline', 'transform_target_param', '_ml_usecase', '_all_models_internal', 'gpu_param', '_all_metrics', 'prep_pipe', '_available_plots'}
2021-07-23 15:52:44,858:INFO:Preparing display monitor
2021-07-23 15:52:44,858:INFO:Preparing display monitor
2021-07-23 15:52:44,874:INFO:Importing libraries
2021-07-23 15:52:44,874:INFO:Copying data for preprocessing
2021-07-23 15:52:44,898:INFO:Declaring preprocessing parameters
2021-07-23 15:52:44,930:INFO:Creating preprocessing pipeline
2021-07-23 15:52:46,139:INFO:Preprocessing pipeline created successfully
2021-07-23 15:52:46,139:ERROR:(Process Exit): setup has been interupted with user command 'quit'. setup must rerun.
2021-07-23 15:52:46,139:INFO:Creating global containers
2021-07-23 15:52:46,146:INFO:Internal pipeline: Pipeline(memory=None, steps=[('empty_step', 'passthrough')], verbose=False)
2021-07-23 15:52:55,505:WARNING:Couldn't import xgboost.XGBClassifier
2021-07-23 15:52:55,505:WARNING:Couldn't import catboost.CatBoostClassifier
2021-07-23 15:52:55,625:WARNING:Couldn't import xgboost.XGBClassifier
2021-07-23 15:52:55,629:WARNING:Couldn't import catboost.CatBoostClassifier
2021-07-23 15:52:55,629:INFO:Creating grid variables
2021-07-23 15:52:55,669:INFO:create_model_container: 0
2021-07-23 15:52:55,669:INFO:master_model_container: 0
2021-07-23 15:52:55,669:INFO:display_container: 1
2021-07-23 15:52:55,673:INFO:Pipeline(memory=None,
         steps=[('dtypes',
                 DataTypes_Auto_infer(categorical_features=[],
                                      display_types=True, features_todrop=[],
                                      id_columns=[],
                                      ml_usecase='classification',
                                      numerical_features=[], target='Class',
                                      time_features=[])),
                ('imputer',
                 Simple_Imputer(categorical_strategy='most frequent',
                                fill_value_categorical=None,
                                fill_value_numerical=None,
                                numeric_strateg...
                ('scaling', 'passthrough'), ('P_transform', 'passthrough'),
                ('binn', 'passthrough'), ('rem_outliers', 'passthrough'),
                ('cluster_all', 'passthrough'),
                ('dummy', Dummify(target='Class')),
                ('fix_perfect', Remove_100(target='Class')),
                ('clean_names', Clean_Colum_Names()),
                ('feature_select', 'passthrough'), ('fix_multi', 'passthrough'),
                ('dfs', 'passthrough'), ('pca', 'passthrough')],
         verbose=False)
2021-07-23 15:52:55,673:INFO:setup() succesfully completed......................................
2021-07-23 15:52:55,774:INFO:gpu_param set to False
2021-07-23 15:52:55,903:WARNING:Couldn't import xgboost.XGBClassifier
2021-07-23 15:52:55,903:WARNING:Couldn't import catboost.CatBoostClassifier
2021-07-23 15:52:55,931:INFO:Initializing compare_models()
2021-07-23 15:52:55,931:INFO:compare_models(include=None, fold=5, round=4, cross_validation=True, sort=F1, n_select=5, budget_time=None, turbo=True, errors=ignore, fit_kwargs=None, groups=None, verbose=True, display=None, exclude=None)
2021-07-23 15:52:55,931:INFO:Checking exceptions
2021-07-23 15:52:55,935:INFO:Preparing display monitor
2021-07-23 15:52:55,935:INFO:Preparing display monitor
2021-07-23 15:52:55,971:INFO:Initializing Logistic Regression
2021-07-23 15:52:55,971:INFO:Total runtime is 0.0 minutes
2021-07-23 15:52:55,987:INFO:SubProcess create_model() called ==================================
2021-07-23 15:52:55,987:INFO:Initializing create_model()
2021-07-23 15:52:55,987:INFO:create_model(estimator=lr, fold=StratifiedKFold(n_splits=5, random_state=None, shuffle=False), round=4, cross_validation=True, predict=True, fit_kwargs={}, groups=None, refit=False, verbose=False, system=False, metrics=None, display=<pycaret.internal.Display.Display object at 0x00000288B5EFCEE0>, kwargs={})
2021-07-23 15:52:55,987:INFO:Checking exceptions
2021-07-23 15:52:55,987:INFO:Importing libraries
2021-07-23 15:52:55,987:INFO:Copying training dataset
2021-07-23 15:52:55,995:INFO:Defining folds
2021-07-23 15:52:55,995:INFO:Declaring metric variables
2021-07-23 15:52:56,007:INFO:Importing untrained model
2021-07-23 15:52:56,019:INFO:Logistic Regression Imported succesfully
2021-07-23 15:52:56,043:INFO:Starting cross validation
2021-07-23 15:52:56,043:INFO:Cross validating with StratifiedKFold(n_splits=5, random_state=None, shuffle=False), n_jobs=-1
2021-07-23 15:53:10,330:INFO:Calculating mean and std
2021-07-23 15:53:10,334:INFO:Creating metrics dataframe
2021-07-23 15:53:10,338:INFO:Uploading results into container
2021-07-23 15:53:10,338:INFO:Uploading model into container now
2021-07-23 15:53:10,338:INFO:create_model_container: 1
2021-07-23 15:53:10,338:INFO:master_model_container: 1
2021-07-23 15:53:10,338:INFO:display_container: 2
2021-07-23 15:53:10,338:INFO:LogisticRegression(C=1.0, class_weight=None, dual=False, fit_intercept=True,
                   intercept_scaling=1, l1_ratio=None, max_iter=1000,
                   multi_class='auto', n_jobs=None, penalty='l2',
                   random_state=42, solver='lbfgs', tol=0.0001, verbose=0,
                   warm_start=False)
2021-07-23 15:53:10,338:INFO:create_model() succesfully completed......................................
2021-07-23 15:53:10,529:INFO:SubProcess create_model() end ==================================
2021-07-23 15:53:10,529:INFO:Creating metrics dataframe
2021-07-23 15:53:10,542:INFO:Initializing K Neighbors Classifier
2021-07-23 15:53:10,542:INFO:Total runtime is 0.24286355574925741 minutes
2021-07-23 15:53:10,550:INFO:SubProcess create_model() called ==================================
2021-07-23 15:53:10,550:INFO:Initializing create_model()
2021-07-23 15:53:10,550:INFO:create_model(estimator=knn, fold=StratifiedKFold(n_splits=5, random_state=None, shuffle=False), round=4, cross_validation=True, predict=True, fit_kwargs={}, groups=None, refit=False, verbose=False, system=False, metrics=None, display=<pycaret.internal.Display.Display object at 0x00000288B5EFCEE0>, kwargs={})
2021-07-23 15:53:10,550:INFO:Checking exceptions
2021-07-23 15:53:10,550:INFO:Importing libraries
2021-07-23 15:53:10,550:INFO:Copying training dataset
2021-07-23 15:53:10,558:INFO:Defining folds
2021-07-23 15:53:10,558:INFO:Declaring metric variables
2021-07-23 15:53:10,562:INFO:Importing untrained model
2021-07-23 15:53:10,574:INFO:K Neighbors Classifier Imported succesfully
2021-07-23 15:53:10,586:INFO:Starting cross validation
2021-07-23 15:53:10,586:INFO:Cross validating with StratifiedKFold(n_splits=5, random_state=None, shuffle=False), n_jobs=-1
2021-07-23 15:53:18,808:INFO:Calculating mean and std
2021-07-23 15:53:18,808:INFO:Creating metrics dataframe
2021-07-23 15:53:18,816:INFO:Uploading results into container
2021-07-23 15:53:18,816:INFO:Uploading model into container now
2021-07-23 15:53:18,816:INFO:create_model_container: 2
2021-07-23 15:53:18,816:INFO:master_model_container: 2
2021-07-23 15:53:18,816:INFO:display_container: 2
2021-07-23 15:53:18,816:INFO:KNeighborsClassifier(algorithm='auto', leaf_size=30, metric='minkowski',
                     metric_params=None, n_jobs=-1, n_neighbors=5, p=2,
                     weights='uniform')
2021-07-23 15:53:18,816:INFO:create_model() succesfully completed......................................
2021-07-23 15:53:18,945:INFO:SubProcess create_model() end ==================================
2021-07-23 15:53:18,945:INFO:Creating metrics dataframe
2021-07-23 15:53:18,961:INFO:Initializing Naive Bayes
2021-07-23 15:53:18,961:INFO:Total runtime is 0.38317757844924927 minutes
2021-07-23 15:53:18,973:INFO:SubProcess create_model() called ==================================
2021-07-23 15:53:18,973:INFO:Initializing create_model()
2021-07-23 15:53:18,973:INFO:create_model(estimator=nb, fold=StratifiedKFold(n_splits=5, random_state=None, shuffle=False), round=4, cross_validation=True, predict=True, fit_kwargs={}, groups=None, refit=False, verbose=False, system=False, metrics=None, display=<pycaret.internal.Display.Display object at 0x00000288B5EFCEE0>, kwargs={})
2021-07-23 15:53:18,973:INFO:Checking exceptions
2021-07-23 15:53:18,973:INFO:Importing libraries
2021-07-23 15:53:18,973:INFO:Copying training dataset
2021-07-23 15:53:18,981:INFO:Defining folds
2021-07-23 15:53:18,981:INFO:Declaring metric variables
2021-07-23 15:53:18,993:INFO:Importing untrained model
2021-07-23 15:53:19,005:INFO:Naive Bayes Imported succesfully
2021-07-23 15:53:19,025:INFO:Starting cross validation
2021-07-23 15:53:19,025:INFO:Cross validating with StratifiedKFold(n_splits=5, random_state=None, shuffle=False), n_jobs=-1
2021-07-23 15:53:23,229:INFO:Calculating mean and std
2021-07-23 15:53:23,229:INFO:Creating metrics dataframe
2021-07-23 15:53:23,233:INFO:Uploading results into container
2021-07-23 15:53:23,233:INFO:Uploading model into container now
2021-07-23 15:53:23,233:INFO:create_model_container: 3
2021-07-23 15:53:23,233:INFO:master_model_container: 3
2021-07-23 15:53:23,233:INFO:display_container: 2
2021-07-23 15:53:23,233:INFO:GaussianNB(priors=None, var_smoothing=1e-09)
2021-07-23 15:53:23,233:INFO:create_model() succesfully completed......................................
2021-07-23 15:53:23,441:INFO:SubProcess create_model() end ==================================
2021-07-23 15:53:23,441:INFO:Creating metrics dataframe
2021-07-23 15:53:23,457:INFO:Initializing Decision Tree Classifier
2021-07-23 15:53:23,457:INFO:Total runtime is 0.4581093390782674 minutes
2021-07-23 15:53:23,465:INFO:SubProcess create_model() called ==================================
2021-07-23 15:53:23,465:INFO:Initializing create_model()
2021-07-23 15:53:23,465:INFO:create_model(estimator=dt, fold=StratifiedKFold(n_splits=5, random_state=None, shuffle=False), round=4, cross_validation=True, predict=True, fit_kwargs={}, groups=None, refit=False, verbose=False, system=False, metrics=None, display=<pycaret.internal.Display.Display object at 0x00000288B5EFCEE0>, kwargs={})
2021-07-23 15:53:23,465:INFO:Checking exceptions
2021-07-23 15:53:23,465:INFO:Importing libraries
2021-07-23 15:53:23,465:INFO:Copying training dataset
2021-07-23 15:53:23,477:INFO:Defining folds
2021-07-23 15:53:23,477:INFO:Declaring metric variables
2021-07-23 15:53:23,485:INFO:Importing untrained model
2021-07-23 15:53:23,497:INFO:Decision Tree Classifier Imported succesfully
2021-07-23 15:53:23,517:INFO:Starting cross validation
2021-07-23 15:53:23,521:INFO:Cross validating with StratifiedKFold(n_splits=5, random_state=None, shuffle=False), n_jobs=-1
2021-07-23 15:53:36,831:INFO:Calculating mean and std
2021-07-23 15:53:36,831:INFO:Creating metrics dataframe
2021-07-23 15:53:36,835:INFO:Uploading results into container
2021-07-23 15:53:36,835:INFO:Uploading model into container now
2021-07-23 15:53:36,835:INFO:create_model_container: 4
2021-07-23 15:53:36,835:INFO:master_model_container: 4
2021-07-23 15:53:36,835:INFO:display_container: 2
2021-07-23 15:53:36,839:INFO:DecisionTreeClassifier(ccp_alpha=0.0, class_weight=None, criterion='gini',
                       max_depth=None, max_features=None, max_leaf_nodes=None,
                       min_impurity_decrease=0.0, min_impurity_split=None,
                       min_samples_leaf=1, min_samples_split=2,
                       min_weight_fraction_leaf=0.0, presort='deprecated',
                       random_state=42, splitter='best')
2021-07-23 15:53:36,839:INFO:create_model() succesfully completed......................................
2021-07-23 15:53:36,975:INFO:SubProcess create_model() end ==================================
2021-07-23 15:53:36,975:INFO:Creating metrics dataframe
2021-07-23 15:53:36,991:INFO:Initializing SVM - Linear Kernel
2021-07-23 15:53:36,991:INFO:Total runtime is 0.6836761673291524 minutes
2021-07-23 15:53:36,999:INFO:SubProcess create_model() called ==================================
2021-07-23 15:53:36,999:INFO:Initializing create_model()
2021-07-23 15:53:37,003:INFO:create_model(estimator=svm, fold=StratifiedKFold(n_splits=5, random_state=None, shuffle=False), round=4, cross_validation=True, predict=True, fit_kwargs={}, groups=None, refit=False, verbose=False, system=False, metrics=None, display=<pycaret.internal.Display.Display object at 0x00000288B5EFCEE0>, kwargs={})
2021-07-23 15:53:37,003:INFO:Checking exceptions
2021-07-23 15:53:37,003:INFO:Importing libraries
2021-07-23 15:53:37,003:INFO:Copying training dataset
2021-07-23 15:53:37,011:INFO:Defining folds
2021-07-23 15:53:37,011:INFO:Declaring metric variables
2021-07-23 15:53:37,019:INFO:Importing untrained model
2021-07-23 15:53:37,031:INFO:SVM - Linear Kernel Imported succesfully
2021-07-23 15:53:37,055:INFO:Starting cross validation
2021-07-23 15:53:37,055:INFO:Cross validating with StratifiedKFold(n_splits=5, random_state=None, shuffle=False), n_jobs=-1
2021-07-23 15:53:47,276:INFO:Calculating mean and std
2021-07-23 15:53:47,276:INFO:Creating metrics dataframe
2021-07-23 15:53:47,284:INFO:Uploading results into container
2021-07-23 15:53:47,284:INFO:Uploading model into container now
2021-07-23 15:53:47,284:INFO:create_model_container: 5
2021-07-23 15:53:47,284:INFO:master_model_container: 5
2021-07-23 15:53:47,284:INFO:display_container: 2
2021-07-23 15:53:47,284:INFO:SGDClassifier(alpha=0.0001, average=False, class_weight=None,
              early_stopping=False, epsilon=0.1, eta0=0.001, fit_intercept=True,
              l1_ratio=0.15, learning_rate='optimal', loss='hinge',
              max_iter=1000, n_iter_no_change=5, n_jobs=-1, penalty='l2',
              power_t=0.5, random_state=42, shuffle=True, tol=0.001,
              validation_fraction=0.1, verbose=0, warm_start=False)
2021-07-23 15:53:47,284:INFO:create_model() succesfully completed......................................
2021-07-23 15:53:47,451:INFO:SubProcess create_model() end ==================================
2021-07-23 15:53:47,451:INFO:Creating metrics dataframe
2021-07-23 15:53:47,467:INFO:Initializing Ridge Classifier
2021-07-23 15:53:47,467:INFO:Total runtime is 0.858267076810201 minutes
2021-07-23 15:53:47,479:INFO:SubProcess create_model() called ==================================
2021-07-23 15:53:47,479:INFO:Initializing create_model()
2021-07-23 15:53:47,479:INFO:create_model(estimator=ridge, fold=StratifiedKFold(n_splits=5, random_state=None, shuffle=False), round=4, cross_validation=True, predict=True, fit_kwargs={}, groups=None, refit=False, verbose=False, system=False, metrics=None, display=<pycaret.internal.Display.Display object at 0x00000288B5EFCEE0>, kwargs={})
2021-07-23 15:53:47,479:INFO:Checking exceptions
2021-07-23 15:53:47,479:INFO:Importing libraries
2021-07-23 15:53:47,479:INFO:Copying training dataset
2021-07-23 15:53:47,487:INFO:Defining folds
2021-07-23 15:53:47,487:INFO:Declaring metric variables
2021-07-23 15:53:47,495:INFO:Importing untrained model
2021-07-23 15:53:47,508:INFO:Ridge Classifier Imported succesfully
2021-07-23 15:53:47,528:INFO:Starting cross validation
2021-07-23 15:53:47,528:INFO:Cross validating with StratifiedKFold(n_splits=5, random_state=None, shuffle=False), n_jobs=-1
2021-07-23 15:53:48,167:INFO:Calculating mean and std
2021-07-23 15:53:48,171:INFO:Creating metrics dataframe
2021-07-23 15:53:48,175:INFO:Uploading results into container
2021-07-23 15:53:48,175:INFO:Uploading model into container now
2021-07-23 15:53:48,175:INFO:create_model_container: 6
2021-07-23 15:53:48,175:INFO:master_model_container: 6
2021-07-23 15:53:48,175:INFO:display_container: 2
2021-07-23 15:53:48,175:INFO:RidgeClassifier(alpha=1.0, class_weight=None, copy_X=True, fit_intercept=True,
                max_iter=None, normalize=False, random_state=42, solver='auto',
                tol=0.001)
2021-07-23 15:53:48,175:INFO:create_model() succesfully completed......................................
2021-07-23 15:53:48,327:INFO:SubProcess create_model() end ==================================
2021-07-23 15:53:48,327:INFO:Creating metrics dataframe
2021-07-23 15:53:48,415:INFO:Initializing Random Forest Classifier
2021-07-23 15:53:48,415:INFO:Total runtime is 0.8740675806999206 minutes
2021-07-23 15:53:48,435:INFO:SubProcess create_model() called ==================================
2021-07-23 15:53:48,435:INFO:Initializing create_model()
2021-07-23 15:53:48,435:INFO:create_model(estimator=rf, fold=StratifiedKFold(n_splits=5, random_state=None, shuffle=False), round=4, cross_validation=True, predict=True, fit_kwargs={}, groups=None, refit=False, verbose=False, system=False, metrics=None, display=<pycaret.internal.Display.Display object at 0x00000288B5EFCEE0>, kwargs={})
2021-07-23 15:53:48,435:INFO:Checking exceptions
2021-07-23 15:53:48,435:INFO:Importing libraries
2021-07-23 15:53:48,435:INFO:Copying training dataset
2021-07-23 15:53:48,447:INFO:Defining folds
2021-07-23 15:53:48,447:INFO:Declaring metric variables
2021-07-23 15:53:48,463:INFO:Importing untrained model
2021-07-23 15:53:48,479:INFO:Random Forest Classifier Imported succesfully
2021-07-23 15:53:48,511:INFO:Starting cross validation
2021-07-23 15:53:48,515:INFO:Cross validating with StratifiedKFold(n_splits=5, random_state=None, shuffle=False), n_jobs=-1
2021-07-23 15:54:59,301:INFO:Calculating mean and std
2021-07-23 15:54:59,301:INFO:Creating metrics dataframe
2021-07-23 15:54:59,305:INFO:Uploading results into container
2021-07-23 15:54:59,305:INFO:Uploading model into container now
2021-07-23 15:54:59,305:INFO:create_model_container: 7
2021-07-23 15:54:59,305:INFO:master_model_container: 7
2021-07-23 15:54:59,305:INFO:display_container: 2
2021-07-23 15:54:59,305:INFO:RandomForestClassifier(bootstrap=True, ccp_alpha=0.0, class_weight=None,
                       criterion='gini', max_depth=None, max_features='auto',
                       max_leaf_nodes=None, max_samples=None,
                       min_impurity_decrease=0.0, min_impurity_split=None,
                       min_samples_leaf=1, min_samples_split=2,
                       min_weight_fraction_leaf=0.0, n_estimators=100,
                       n_jobs=-1, oob_score=False, random_state=42, verbose=0,
                       warm_start=False)
2021-07-23 15:54:59,305:INFO:create_model() succesfully completed......................................
2021-07-23 15:54:59,366:INFO:SubProcess create_model() end ==================================
2021-07-23 15:54:59,366:INFO:Creating metrics dataframe
2021-07-23 15:54:59,382:INFO:Initializing Quadratic Discriminant Analysis
2021-07-23 15:54:59,382:INFO:Total runtime is 2.0568520267804464 minutes
2021-07-23 15:54:59,387:INFO:SubProcess create_model() called ==================================
2021-07-23 15:54:59,387:INFO:Initializing create_model()
2021-07-23 15:54:59,387:INFO:create_model(estimator=qda, fold=StratifiedKFold(n_splits=5, random_state=None, shuffle=False), round=4, cross_validation=True, predict=True, fit_kwargs={}, groups=None, refit=False, verbose=False, system=False, metrics=None, display=<pycaret.internal.Display.Display object at 0x00000288B5EFCEE0>, kwargs={})
2021-07-23 15:54:59,387:INFO:Checking exceptions
2021-07-23 15:54:59,387:INFO:Importing libraries
2021-07-23 15:54:59,387:INFO:Copying training dataset
2021-07-23 15:54:59,395:INFO:Defining folds
2021-07-23 15:54:59,395:INFO:Declaring metric variables
2021-07-23 15:54:59,403:INFO:Importing untrained model
2021-07-23 15:54:59,411:INFO:Quadratic Discriminant Analysis Imported succesfully
2021-07-23 15:54:59,423:INFO:Starting cross validation
2021-07-23 15:54:59,423:INFO:Cross validating with StratifiedKFold(n_splits=5, random_state=None, shuffle=False), n_jobs=-1
2021-07-23 15:55:00,928:INFO:Calculating mean and std
2021-07-23 15:55:00,928:INFO:Creating metrics dataframe
2021-07-23 15:55:00,931:INFO:Uploading results into container
2021-07-23 15:55:00,931:INFO:Uploading model into container now
2021-07-23 15:55:00,931:INFO:create_model_container: 8
2021-07-23 15:55:00,931:INFO:master_model_container: 8
2021-07-23 15:55:00,931:INFO:display_container: 2
2021-07-23 15:55:00,931:INFO:QuadraticDiscriminantAnalysis(priors=None, reg_param=0.0,
                              store_covariance=False, tol=0.0001)
2021-07-23 15:55:00,931:INFO:create_model() succesfully completed......................................
2021-07-23 15:55:01,037:INFO:SubProcess create_model() end ==================================
2021-07-23 15:55:01,037:INFO:Creating metrics dataframe
2021-07-23 15:55:01,057:INFO:Initializing Ada Boost Classifier
2021-07-23 15:55:01,057:INFO:Total runtime is 2.0847761631011963 minutes
2021-07-23 15:55:01,069:INFO:SubProcess create_model() called ==================================
2021-07-23 15:55:01,069:INFO:Initializing create_model()
2021-07-23 15:55:01,069:INFO:create_model(estimator=ada, fold=StratifiedKFold(n_splits=5, random_state=None, shuffle=False), round=4, cross_validation=True, predict=True, fit_kwargs={}, groups=None, refit=False, verbose=False, system=False, metrics=None, display=<pycaret.internal.Display.Display object at 0x00000288B5EFCEE0>, kwargs={})
2021-07-23 15:55:01,069:INFO:Checking exceptions
2021-07-23 15:55:01,069:INFO:Importing libraries
2021-07-23 15:55:01,069:INFO:Copying training dataset
2021-07-23 15:55:01,081:INFO:Defining folds
2021-07-23 15:55:01,081:INFO:Declaring metric variables
2021-07-23 15:55:01,089:INFO:Importing untrained model
2021-07-23 15:55:01,101:INFO:Ada Boost Classifier Imported succesfully
2021-07-23 15:55:01,125:INFO:Starting cross validation
2021-07-23 15:55:01,125:INFO:Cross validating with StratifiedKFold(n_splits=5, random_state=None, shuffle=False), n_jobs=-1
2021-07-23 15:55:49,827:INFO:Calculating mean and std
2021-07-23 15:55:49,827:INFO:Creating metrics dataframe
2021-07-23 15:55:49,831:INFO:Uploading results into container
2021-07-23 15:55:49,831:INFO:Uploading model into container now
2021-07-23 15:55:49,831:INFO:create_model_container: 9
2021-07-23 15:55:49,831:INFO:master_model_container: 9
2021-07-23 15:55:49,835:INFO:display_container: 2
2021-07-23 15:55:49,835:INFO:AdaBoostClassifier(algorithm='SAMME.R', base_estimator=None, learning_rate=1.0,
                   n_estimators=50, random_state=42)
2021-07-23 15:55:49,835:INFO:create_model() succesfully completed......................................
2021-07-23 15:55:49,951:INFO:SubProcess create_model() end ==================================
2021-07-23 15:55:49,951:INFO:Creating metrics dataframe
2021-07-23 15:55:49,967:INFO:Initializing Gradient Boosting Classifier
2021-07-23 15:55:49,971:INFO:Total runtime is 2.900006651878357 minutes
2021-07-23 15:55:49,979:INFO:SubProcess create_model() called ==================================
2021-07-23 15:55:49,979:INFO:Initializing create_model()
2021-07-23 15:55:49,979:INFO:create_model(estimator=gbc, fold=StratifiedKFold(n_splits=5, random_state=None, shuffle=False), round=4, cross_validation=True, predict=True, fit_kwargs={}, groups=None, refit=False, verbose=False, system=False, metrics=None, display=<pycaret.internal.Display.Display object at 0x00000288B5EFCEE0>, kwargs={})
2021-07-23 15:55:49,979:INFO:Checking exceptions
2021-07-23 15:55:49,979:INFO:Importing libraries
2021-07-23 15:55:49,979:INFO:Copying training dataset
2021-07-23 15:55:49,987:INFO:Defining folds
2021-07-23 15:55:49,991:INFO:Declaring metric variables
2021-07-23 15:55:50,003:INFO:Importing untrained model
2021-07-23 15:55:50,015:INFO:Gradient Boosting Classifier Imported succesfully
2021-07-23 15:55:50,040:INFO:Starting cross validation
2021-07-23 15:55:50,044:INFO:Cross validating with StratifiedKFold(n_splits=5, random_state=None, shuffle=False), n_jobs=-1
2021-07-23 15:59:48,635:INFO:Calculating mean and std
2021-07-23 15:59:48,635:INFO:Creating metrics dataframe
2021-07-23 15:59:48,639:INFO:Uploading results into container
2021-07-23 15:59:48,639:INFO:Uploading model into container now
2021-07-23 15:59:48,643:INFO:create_model_container: 10
2021-07-23 15:59:48,643:INFO:master_model_container: 10
2021-07-23 15:59:48,643:INFO:display_container: 2
2021-07-23 15:59:48,643:INFO:GradientBoostingClassifier(ccp_alpha=0.0, criterion='friedman_mse', init=None,
                           learning_rate=0.1, loss='deviance', max_depth=3,
                           max_features=None, max_leaf_nodes=None,
                           min_impurity_decrease=0.0, min_impurity_split=None,
                           min_samples_leaf=1, min_samples_split=2,
                           min_weight_fraction_leaf=0.0, n_estimators=100,
                           n_iter_no_change=None, presort='deprecated',
                           random_state=42, subsample=1.0, tol=0.0001,
                           validation_fraction=0.1, verbose=0,
                           warm_start=False)
2021-07-23 15:59:48,643:INFO:create_model() succesfully completed......................................
2021-07-23 15:59:48,779:INFO:SubProcess create_model() end ==================================
2021-07-23 15:59:48,779:INFO:Creating metrics dataframe
2021-07-23 15:59:48,803:INFO:Initializing Linear Discriminant Analysis
2021-07-23 15:59:48,803:INFO:Total runtime is 6.880542282263438 minutes
2021-07-23 15:59:48,811:INFO:SubProcess create_model() called ==================================
2021-07-23 15:59:48,815:INFO:Initializing create_model()
2021-07-23 15:59:48,815:INFO:create_model(estimator=lda, fold=StratifiedKFold(n_splits=5, random_state=None, shuffle=False), round=4, cross_validation=True, predict=True, fit_kwargs={}, groups=None, refit=False, verbose=False, system=False, metrics=None, display=<pycaret.internal.Display.Display object at 0x00000288B5EFCEE0>, kwargs={})
2021-07-23 15:59:48,815:INFO:Checking exceptions
2021-07-23 15:59:48,815:INFO:Importing libraries
2021-07-23 15:59:48,815:INFO:Copying training dataset
2021-07-23 15:59:48,823:INFO:Defining folds
2021-07-23 15:59:48,827:INFO:Declaring metric variables
2021-07-23 15:59:48,839:INFO:Importing untrained model
2021-07-23 15:59:48,851:INFO:Linear Discriminant Analysis Imported succesfully
2021-07-23 15:59:48,875:INFO:Starting cross validation
2021-07-23 15:59:48,875:INFO:Cross validating with StratifiedKFold(n_splits=5, random_state=None, shuffle=False), n_jobs=-1
2021-07-23 15:59:51,364:INFO:Calculating mean and std
2021-07-23 15:59:51,364:INFO:Creating metrics dataframe
2021-07-23 15:59:51,384:INFO:Uploading results into container
2021-07-23 15:59:51,384:INFO:Uploading model into container now
2021-07-23 15:59:51,384:INFO:create_model_container: 11
2021-07-23 15:59:51,384:INFO:master_model_container: 11
2021-07-23 15:59:51,384:INFO:display_container: 2
2021-07-23 15:59:51,388:INFO:LinearDiscriminantAnalysis(n_components=None, priors=None, shrinkage=None,
                           solver='svd', store_covariance=False, tol=0.0001)
2021-07-23 15:59:51,388:INFO:create_model() succesfully completed......................................
2021-07-23 15:59:51,580:INFO:SubProcess create_model() end ==================================
2021-07-23 15:59:51,580:INFO:Creating metrics dataframe
2021-07-23 15:59:51,604:INFO:Initializing Extra Trees Classifier
2021-07-23 15:59:51,604:INFO:Total runtime is 6.927226424217224 minutes
2021-07-23 15:59:51,616:INFO:SubProcess create_model() called ==================================
2021-07-23 15:59:51,616:INFO:Initializing create_model()
2021-07-23 15:59:51,620:INFO:create_model(estimator=et, fold=StratifiedKFold(n_splits=5, random_state=None, shuffle=False), round=4, cross_validation=True, predict=True, fit_kwargs={}, groups=None, refit=False, verbose=False, system=False, metrics=None, display=<pycaret.internal.Display.Display object at 0x00000288B5EFCEE0>, kwargs={})
2021-07-23 15:59:51,620:INFO:Checking exceptions
2021-07-23 15:59:51,620:INFO:Importing libraries
2021-07-23 15:59:51,620:INFO:Copying training dataset
2021-07-23 15:59:51,628:INFO:Defining folds
2021-07-23 15:59:51,628:INFO:Declaring metric variables
2021-07-23 15:59:51,640:INFO:Importing untrained model
2021-07-23 15:59:51,652:INFO:Extra Trees Classifier Imported succesfully
2021-07-23 15:59:51,676:INFO:Starting cross validation
2021-07-23 15:59:51,680:INFO:Cross validating with StratifiedKFold(n_splits=5, random_state=None, shuffle=False), n_jobs=-1
2021-07-23 16:00:10,527:INFO:Calculating mean and std
2021-07-23 16:00:10,527:INFO:Creating metrics dataframe
2021-07-23 16:00:10,531:INFO:Uploading results into container
2021-07-23 16:00:10,531:INFO:Uploading model into container now
2021-07-23 16:00:10,531:INFO:create_model_container: 12
2021-07-23 16:00:10,531:INFO:master_model_container: 12
2021-07-23 16:00:10,531:INFO:display_container: 2
2021-07-23 16:00:10,535:INFO:ExtraTreesClassifier(bootstrap=False, ccp_alpha=0.0, class_weight=None,
                     criterion='gini', max_depth=None, max_features='auto',
                     max_leaf_nodes=None, max_samples=None,
                     min_impurity_decrease=0.0, min_impurity_split=None,
                     min_samples_leaf=1, min_samples_split=2,
                     min_weight_fraction_leaf=0.0, n_estimators=100, n_jobs=-1,
                     oob_score=False, random_state=42, verbose=0,
                     warm_start=False)
2021-07-23 16:00:10,535:INFO:create_model() succesfully completed......................................
2021-07-23 16:00:10,647:INFO:SubProcess create_model() end ==================================
2021-07-23 16:00:10,647:INFO:Creating metrics dataframe
2021-07-23 16:00:10,667:INFO:Initializing Light Gradient Boosting Machine
2021-07-23 16:00:10,667:INFO:Total runtime is 7.244944270451864 minutes
2021-07-23 16:00:10,675:INFO:SubProcess create_model() called ==================================
2021-07-23 16:00:10,675:INFO:Initializing create_model()
2021-07-23 16:00:10,675:INFO:create_model(estimator=lightgbm, fold=StratifiedKFold(n_splits=5, random_state=None, shuffle=False), round=4, cross_validation=True, predict=True, fit_kwargs={}, groups=None, refit=False, verbose=False, system=False, metrics=None, display=<pycaret.internal.Display.Display object at 0x00000288B5EFCEE0>, kwargs={})
2021-07-23 16:00:10,675:INFO:Checking exceptions
2021-07-23 16:00:10,675:INFO:Importing libraries
2021-07-23 16:00:10,675:INFO:Copying training dataset
2021-07-23 16:00:10,683:INFO:Defining folds
2021-07-23 16:00:10,687:INFO:Declaring metric variables
2021-07-23 16:00:10,699:INFO:Importing untrained model
2021-07-23 16:00:10,707:INFO:Light Gradient Boosting Machine Imported succesfully
2021-07-23 16:00:10,723:INFO:Starting cross validation
2021-07-23 16:00:10,723:INFO:Cross validating with StratifiedKFold(n_splits=5, random_state=None, shuffle=False), n_jobs=-1
2021-07-23 16:00:16,460:INFO:Calculating mean and std
2021-07-23 16:00:16,460:INFO:Creating metrics dataframe
2021-07-23 16:00:16,464:INFO:Uploading results into container
2021-07-23 16:00:16,464:INFO:Uploading model into container now
2021-07-23 16:00:16,464:INFO:create_model_container: 13
2021-07-23 16:00:16,464:INFO:master_model_container: 13
2021-07-23 16:00:16,464:INFO:display_container: 2
2021-07-23 16:00:16,468:INFO:LGBMClassifier(boosting_type='gbdt', class_weight=None, colsample_bytree=1.0,
               importance_type='split', learning_rate=0.1, max_depth=-1,
               min_child_samples=20, min_child_weight=0.001, min_split_gain=0.0,
               n_estimators=100, n_jobs=-1, num_leaves=31, objective=None,
               random_state=42, reg_alpha=0.0, reg_lambda=0.0, silent=True,
               subsample=1.0, subsample_for_bin=200000, subsample_freq=0)
2021-07-23 16:00:16,468:INFO:create_model() succesfully completed......................................
2021-07-23 16:00:16,590:INFO:SubProcess create_model() end ==================================
2021-07-23 16:00:16,594:INFO:Creating metrics dataframe
2021-07-23 16:00:16,638:INFO:Initializing create_model()
2021-07-23 16:00:16,642:INFO:create_model(estimator=ExtraTreesClassifier(bootstrap=False, ccp_alpha=0.0, class_weight=None,
                     criterion='gini', max_depth=None, max_features='auto',
                     max_leaf_nodes=None, max_samples=None,
                     min_impurity_decrease=0.0, min_impurity_split=None,
                     min_samples_leaf=1, min_samples_split=2,
                     min_weight_fraction_leaf=0.0, n_estimators=100, n_jobs=-1,
                     oob_score=False, random_state=42, verbose=0,
                     warm_start=False), fold=StratifiedKFold(n_splits=5, random_state=None, shuffle=False), round=4, cross_validation=False, predict=False, fit_kwargs={}, groups=None, refit=True, verbose=False, system=False, metrics=None, display=None, kwargs={})
2021-07-23 16:00:16,642:INFO:Checking exceptions
2021-07-23 16:00:16,642:INFO:Importing libraries
2021-07-23 16:00:16,642:INFO:Copying training dataset
2021-07-23 16:00:16,650:INFO:Defining folds
2021-07-23 16:00:16,650:INFO:Declaring metric variables
2021-07-23 16:00:16,650:INFO:Importing untrained model
2021-07-23 16:00:16,650:INFO:Declaring custom model
2021-07-23 16:00:16,650:INFO:Extra Trees Classifier Imported succesfully
2021-07-23 16:00:16,654:INFO:Cross validation set to False
2021-07-23 16:00:16,654:INFO:Fitting Model
2021-07-23 16:00:22,094:INFO:ExtraTreesClassifier(bootstrap=False, ccp_alpha=0.0, class_weight=None,
                     criterion='gini', max_depth=None, max_features='auto',
                     max_leaf_nodes=None, max_samples=None,
                     min_impurity_decrease=0.0, min_impurity_split=None,
                     min_samples_leaf=1, min_samples_split=2,
                     min_weight_fraction_leaf=0.0, n_estimators=100, n_jobs=-1,
                     oob_score=False, random_state=42, verbose=0,
                     warm_start=False)
2021-07-23 16:00:22,094:INFO:create_models() succesfully completed......................................
2021-07-23 16:00:22,170:INFO:Initializing create_model()
2021-07-23 16:00:22,170:INFO:create_model(estimator=RandomForestClassifier(bootstrap=True, ccp_alpha=0.0, class_weight=None,
                       criterion='gini', max_depth=None, max_features='auto',
                       max_leaf_nodes=None, max_samples=None,
                       min_impurity_decrease=0.0, min_impurity_split=None,
                       min_samples_leaf=1, min_samples_split=2,
                       min_weight_fraction_leaf=0.0, n_estimators=100,
                       n_jobs=-1, oob_score=False, random_state=42, verbose=0,
                       warm_start=False), fold=StratifiedKFold(n_splits=5, random_state=None, shuffle=False), round=4, cross_validation=False, predict=False, fit_kwargs={}, groups=None, refit=True, verbose=False, system=False, metrics=None, display=None, kwargs={})
2021-07-23 16:00:22,170:INFO:Checking exceptions
2021-07-23 16:00:22,170:INFO:Importing libraries
2021-07-23 16:00:22,170:INFO:Copying training dataset
2021-07-23 16:00:22,174:INFO:Defining folds
2021-07-23 16:00:22,174:INFO:Declaring metric variables
2021-07-23 16:00:22,174:INFO:Importing untrained model
2021-07-23 16:00:22,174:INFO:Declaring custom model
2021-07-23 16:00:22,179:INFO:Random Forest Classifier Imported succesfully
2021-07-23 16:00:22,179:INFO:Cross validation set to False
2021-07-23 16:00:22,179:INFO:Fitting Model
2021-07-23 16:00:43,802:INFO:RandomForestClassifier(bootstrap=True, ccp_alpha=0.0, class_weight=None,
                       criterion='gini', max_depth=None, max_features='auto',
                       max_leaf_nodes=None, max_samples=None,
                       min_impurity_decrease=0.0, min_impurity_split=None,
                       min_samples_leaf=1, min_samples_split=2,
                       min_weight_fraction_leaf=0.0, n_estimators=100,
                       n_jobs=-1, oob_score=False, random_state=42, verbose=0,
                       warm_start=False)
2021-07-23 16:00:43,802:INFO:create_models() succesfully completed......................................
2021-07-23 16:00:43,870:INFO:Initializing create_model()
2021-07-23 16:00:43,870:INFO:create_model(estimator=LinearDiscriminantAnalysis(n_components=None, priors=None, shrinkage=None,
                           solver='svd', store_covariance=False, tol=0.0001), fold=StratifiedKFold(n_splits=5, random_state=None, shuffle=False), round=4, cross_validation=False, predict=False, fit_kwargs={}, groups=None, refit=True, verbose=False, system=False, metrics=None, display=None, kwargs={})
2021-07-23 16:00:43,870:INFO:Checking exceptions
2021-07-23 16:00:43,870:INFO:Importing libraries
2021-07-23 16:00:43,874:INFO:Copying training dataset
2021-07-23 16:00:43,878:INFO:Defining folds
2021-07-23 16:00:43,878:INFO:Declaring metric variables
2021-07-23 16:00:43,878:INFO:Importing untrained model
2021-07-23 16:00:43,878:INFO:Declaring custom model
2021-07-23 16:00:43,878:INFO:Linear Discriminant Analysis Imported succesfully
2021-07-23 16:00:43,878:INFO:Cross validation set to False
2021-07-23 16:00:43,878:INFO:Fitting Model
2021-07-23 16:00:44,790:INFO:LinearDiscriminantAnalysis(n_components=None, priors=None, shrinkage=None,
                           solver='svd', store_covariance=False, tol=0.0001)
2021-07-23 16:00:44,790:INFO:create_models() succesfully completed......................................
2021-07-23 16:00:44,858:INFO:Initializing create_model()
2021-07-23 16:00:44,858:INFO:create_model(estimator=DecisionTreeClassifier(ccp_alpha=0.0, class_weight=None, criterion='gini',
                       max_depth=None, max_features=None, max_leaf_nodes=None,
                       min_impurity_decrease=0.0, min_impurity_split=None,
                       min_samples_leaf=1, min_samples_split=2,
                       min_weight_fraction_leaf=0.0, presort='deprecated',
                       random_state=42, splitter='best'), fold=StratifiedKFold(n_splits=5, random_state=None, shuffle=False), round=4, cross_validation=False, predict=False, fit_kwargs={}, groups=None, refit=True, verbose=False, system=False, metrics=None, display=None, kwargs={})
2021-07-23 16:00:44,858:INFO:Checking exceptions
2021-07-23 16:00:44,862:INFO:Importing libraries
2021-07-23 16:00:44,862:INFO:Copying training dataset
2021-07-23 16:00:44,866:INFO:Defining folds
2021-07-23 16:00:44,866:INFO:Declaring metric variables
2021-07-23 16:00:44,866:INFO:Importing untrained model
2021-07-23 16:00:44,866:INFO:Declaring custom model
2021-07-23 16:00:44,866:INFO:Decision Tree Classifier Imported succesfully
2021-07-23 16:00:44,866:INFO:Cross validation set to False
2021-07-23 16:00:44,866:INFO:Fitting Model
2021-07-23 16:00:58,306:INFO:DecisionTreeClassifier(ccp_alpha=0.0, class_weight=None, criterion='gini',
                       max_depth=None, max_features=None, max_leaf_nodes=None,
                       min_impurity_decrease=0.0, min_impurity_split=None,
                       min_samples_leaf=1, min_samples_split=2,
                       min_weight_fraction_leaf=0.0, presort='deprecated',
                       random_state=42, splitter='best')
2021-07-23 16:00:58,306:INFO:create_models() succesfully completed......................................
2021-07-23 16:00:58,422:INFO:Initializing create_model()
2021-07-23 16:00:58,422:INFO:create_model(estimator=GradientBoostingClassifier(ccp_alpha=0.0, criterion='friedman_mse', init=None,
                           learning_rate=0.1, loss='deviance', max_depth=3,
                           max_features=None, max_leaf_nodes=None,
                           min_impurity_decrease=0.0, min_impurity_split=None,
                           min_samples_leaf=1, min_samples_split=2,
                           min_weight_fraction_leaf=0.0, n_estimators=100,
                           n_iter_no_change=None, presort='deprecated',
                           random_state=42, subsample=1.0, tol=0.0001,
                           validation_fraction=0.1, verbose=0,
                           warm_start=False), fold=StratifiedKFold(n_splits=5, random_state=None, shuffle=False), round=4, cross_validation=False, predict=False, fit_kwargs={}, groups=None, refit=True, verbose=False, system=False, metrics=None, display=None, kwargs={})
2021-07-23 16:00:58,422:INFO:Checking exceptions
2021-07-23 16:00:58,422:INFO:Importing libraries
2021-07-23 16:00:58,422:INFO:Copying training dataset
2021-07-23 16:00:58,434:INFO:Defining folds
2021-07-23 16:00:58,434:INFO:Declaring metric variables
2021-07-23 16:00:58,434:INFO:Importing untrained model
2021-07-23 16:00:58,434:INFO:Declaring custom model
2021-07-23 16:00:58,434:INFO:Gradient Boosting Classifier Imported succesfully
2021-07-23 16:00:58,434:INFO:Cross validation set to False
2021-07-23 16:00:58,434:INFO:Fitting Model
2021-07-23 16:01:19,183:INFO:Initializing compare_models()
2021-07-23 16:01:19,183:INFO:compare_models(include=None, fold=None, round=4, cross_validation=True, sort=F1, n_select=5, budget_time=None, turbo=True, errors=ignore, fit_kwargs=None, groups=None, verbose=True, display=None, exclude=None)
2021-07-23 16:01:19,187:INFO:Checking exceptions
2021-07-23 16:01:19,189:INFO:Preparing display monitor
2021-07-23 16:01:19,189:INFO:Preparing display monitor
2021-07-23 16:01:19,233:INFO:Initializing Logistic Regression
2021-07-23 16:01:19,233:INFO:Total runtime is 0.0 minutes
2021-07-23 16:01:19,253:INFO:SubProcess create_model() called ==================================
2021-07-23 16:01:19,253:INFO:Initializing create_model()
2021-07-23 16:01:19,253:INFO:create_model(estimator=lr, fold=StratifiedKFold(n_splits=10, random_state=None, shuffle=False), round=4, cross_validation=True, predict=True, fit_kwargs={}, groups=None, refit=False, verbose=False, system=False, metrics=None, display=<pycaret.internal.Display.Display object at 0x00000288B5EFCDC0>, kwargs={})
2021-07-23 16:01:19,257:INFO:Checking exceptions
2021-07-23 16:01:19,257:INFO:Importing libraries
2021-07-23 16:01:19,257:INFO:Copying training dataset
2021-07-23 16:01:19,265:INFO:Defining folds
2021-07-23 16:01:19,265:INFO:Declaring metric variables
2021-07-23 16:01:19,281:INFO:Importing untrained model
2021-07-23 16:01:19,298:INFO:Logistic Regression Imported succesfully
2021-07-23 16:01:19,327:INFO:Starting cross validation
2021-07-23 16:01:19,327:INFO:Cross validating with StratifiedKFold(n_splits=10, random_state=None, shuffle=False), n_jobs=-1
2021-07-23 16:01:42,258:INFO:Calculating mean and std
2021-07-23 16:01:42,258:INFO:Creating metrics dataframe
2021-07-23 16:01:42,262:INFO:Uploading results into container
2021-07-23 16:01:42,262:INFO:Uploading model into container now
2021-07-23 16:01:42,262:INFO:create_model_container: 14
2021-07-23 16:01:42,262:INFO:master_model_container: 14
2021-07-23 16:01:42,262:INFO:display_container: 2
2021-07-23 16:01:42,262:INFO:LogisticRegression(C=1.0, class_weight=None, dual=False, fit_intercept=True,
                   intercept_scaling=1, l1_ratio=None, max_iter=1000,
                   multi_class='auto', n_jobs=None, penalty='l2',
                   random_state=42, solver='lbfgs', tol=0.0001, verbose=0,
                   warm_start=False)
2021-07-23 16:01:42,262:INFO:create_model() succesfully completed......................................
2021-07-23 16:01:42,385:INFO:SubProcess create_model() end ==================================
2021-07-23 16:01:42,385:INFO:Creating metrics dataframe
2021-07-23 16:01:42,405:INFO:Initializing K Neighbors Classifier
2021-07-23 16:01:42,405:INFO:Total runtime is 0.3861991405487061 minutes
2021-07-23 16:01:42,417:INFO:SubProcess create_model() called ==================================
2021-07-23 16:01:42,417:INFO:Initializing create_model()
2021-07-23 16:01:42,417:INFO:create_model(estimator=knn, fold=StratifiedKFold(n_splits=10, random_state=None, shuffle=False), round=4, cross_validation=True, predict=True, fit_kwargs={}, groups=None, refit=False, verbose=False, system=False, metrics=None, display=<pycaret.internal.Display.Display object at 0x00000288B5EFCDC0>, kwargs={})
2021-07-23 16:01:42,417:INFO:Checking exceptions
2021-07-23 16:01:42,417:INFO:Importing libraries
2021-07-23 16:01:42,417:INFO:Copying training dataset
2021-07-23 16:01:42,425:INFO:Defining folds
2021-07-23 16:01:42,425:INFO:Declaring metric variables
2021-07-23 16:01:42,437:INFO:Importing untrained model
2021-07-23 16:01:42,449:INFO:K Neighbors Classifier Imported succesfully
2021-07-23 16:01:42,469:INFO:Starting cross validation
2021-07-23 16:01:42,469:INFO:Cross validating with StratifiedKFold(n_splits=10, random_state=None, shuffle=False), n_jobs=-1
2021-07-23 16:01:48,871:INFO:Calculating mean and std
2021-07-23 16:01:48,871:INFO:Creating metrics dataframe
2021-07-23 16:01:48,875:INFO:Uploading results into container
2021-07-23 16:01:48,875:INFO:Uploading model into container now
2021-07-23 16:01:48,875:INFO:create_model_container: 15
2021-07-23 16:01:48,875:INFO:master_model_container: 15
2021-07-23 16:01:48,875:INFO:display_container: 2
2021-07-23 16:01:48,875:INFO:KNeighborsClassifier(algorithm='auto', leaf_size=30, metric='minkowski',
                     metric_params=None, n_jobs=-1, n_neighbors=5, p=2,
                     weights='uniform')
2021-07-23 16:01:48,875:INFO:create_model() succesfully completed......................................
2021-07-23 16:01:48,995:INFO:SubProcess create_model() end ==================================
2021-07-23 16:01:48,995:INFO:Creating metrics dataframe
2021-07-23 16:01:49,011:INFO:Initializing Naive Bayes
2021-07-23 16:01:49,011:INFO:Total runtime is 0.4962928374608358 minutes
2021-07-23 16:01:49,023:INFO:SubProcess create_model() called ==================================
2021-07-23 16:01:49,023:INFO:Initializing create_model()
2021-07-23 16:01:49,023:INFO:create_model(estimator=nb, fold=StratifiedKFold(n_splits=10, random_state=None, shuffle=False), round=4, cross_validation=True, predict=True, fit_kwargs={}, groups=None, refit=False, verbose=False, system=False, metrics=None, display=<pycaret.internal.Display.Display object at 0x00000288B5EFCDC0>, kwargs={})
2021-07-23 16:01:49,023:INFO:Checking exceptions
2021-07-23 16:01:49,023:INFO:Importing libraries
2021-07-23 16:01:49,023:INFO:Copying training dataset
2021-07-23 16:01:49,035:INFO:Defining folds
2021-07-23 16:01:49,035:INFO:Declaring metric variables
2021-07-23 16:01:49,047:INFO:Importing untrained model
2021-07-23 16:01:49,059:INFO:Naive Bayes Imported succesfully
2021-07-23 16:01:49,091:INFO:Starting cross validation
2021-07-23 16:01:49,091:INFO:Cross validating with StratifiedKFold(n_splits=10, random_state=None, shuffle=False), n_jobs=-1
2021-07-23 16:01:50,176:INFO:Calculating mean and std
2021-07-23 16:01:50,176:INFO:Creating metrics dataframe
2021-07-23 16:01:50,188:INFO:Uploading results into container
2021-07-23 16:01:50,192:INFO:Uploading model into container now
2021-07-23 16:01:50,192:INFO:create_model_container: 16
2021-07-23 16:01:50,192:INFO:master_model_container: 16
2021-07-23 16:01:50,192:INFO:display_container: 2
2021-07-23 16:01:50,192:INFO:GaussianNB(priors=None, var_smoothing=1e-09)
2021-07-23 16:01:50,192:INFO:create_model() succesfully completed......................................
2021-07-23 16:01:50,320:INFO:SubProcess create_model() end ==================================
2021-07-23 16:01:50,320:INFO:Creating metrics dataframe
2021-07-23 16:01:50,340:INFO:Initializing Decision Tree Classifier
2021-07-23 16:01:50,344:INFO:Total runtime is 0.5185107986132305 minutes
2021-07-23 16:01:50,356:INFO:SubProcess create_model() called ==================================
2021-07-23 16:01:50,356:INFO:Initializing create_model()
2021-07-23 16:01:50,356:INFO:create_model(estimator=dt, fold=StratifiedKFold(n_splits=10, random_state=None, shuffle=False), round=4, cross_validation=True, predict=True, fit_kwargs={}, groups=None, refit=False, verbose=False, system=False, metrics=None, display=<pycaret.internal.Display.Display object at 0x00000288B5EFCDC0>, kwargs={})
2021-07-23 16:01:50,356:INFO:Checking exceptions
2021-07-23 16:01:50,356:INFO:Importing libraries
2021-07-23 16:01:50,360:INFO:Copying training dataset
2021-07-23 16:01:50,372:INFO:Defining folds
2021-07-23 16:01:50,376:INFO:Declaring metric variables
2021-07-23 16:01:50,408:INFO:Importing untrained model
2021-07-23 16:01:50,432:INFO:Decision Tree Classifier Imported succesfully
2021-07-23 16:01:50,460:INFO:Starting cross validation
2021-07-23 16:01:50,464:INFO:Cross validating with StratifiedKFold(n_splits=10, random_state=None, shuffle=False), n_jobs=-1
2021-07-23 16:02:08,805:INFO:Calculating mean and std
2021-07-23 16:02:08,805:INFO:Creating metrics dataframe
2021-07-23 16:02:08,809:INFO:Uploading results into container
2021-07-23 16:02:08,809:INFO:Uploading model into container now
2021-07-23 16:02:08,809:INFO:create_model_container: 17
2021-07-23 16:02:08,809:INFO:master_model_container: 17
2021-07-23 16:02:08,809:INFO:display_container: 2
2021-07-23 16:02:08,813:INFO:DecisionTreeClassifier(ccp_alpha=0.0, class_weight=None, criterion='gini',
                       max_depth=None, max_features=None, max_leaf_nodes=None,
                       min_impurity_decrease=0.0, min_impurity_split=None,
                       min_samples_leaf=1, min_samples_split=2,
                       min_weight_fraction_leaf=0.0, presort='deprecated',
                       random_state=42, splitter='best')
2021-07-23 16:02:08,813:INFO:create_model() succesfully completed......................................
2021-07-23 16:02:08,945:INFO:SubProcess create_model() end ==================================
2021-07-23 16:02:08,945:INFO:Creating metrics dataframe
2021-07-23 16:02:08,965:INFO:Initializing SVM - Linear Kernel
2021-07-23 16:02:08,965:INFO:Total runtime is 0.8288551092147828 minutes
2021-07-23 16:02:08,981:INFO:SubProcess create_model() called ==================================
2021-07-23 16:02:08,981:INFO:Initializing create_model()
2021-07-23 16:02:08,981:INFO:create_model(estimator=svm, fold=StratifiedKFold(n_splits=10, random_state=None, shuffle=False), round=4, cross_validation=True, predict=True, fit_kwargs={}, groups=None, refit=False, verbose=False, system=False, metrics=None, display=<pycaret.internal.Display.Display object at 0x00000288B5EFCDC0>, kwargs={})
2021-07-23 16:02:08,981:INFO:Checking exceptions
2021-07-23 16:02:08,981:INFO:Importing libraries
2021-07-23 16:02:08,981:INFO:Copying training dataset
2021-07-23 16:02:08,989:INFO:Defining folds
2021-07-23 16:02:08,993:INFO:Declaring metric variables
2021-07-23 16:02:09,005:INFO:Importing untrained model
2021-07-23 16:02:09,017:INFO:SVM - Linear Kernel Imported succesfully
2021-07-23 16:02:09,049:INFO:Starting cross validation
2021-07-23 16:02:09,053:INFO:Cross validating with StratifiedKFold(n_splits=10, random_state=None, shuffle=False), n_jobs=-1
2021-07-23 16:02:23,273:INFO:Calculating mean and std
2021-07-23 16:02:23,273:INFO:Creating metrics dataframe
2021-07-23 16:02:23,277:INFO:Uploading results into container
2021-07-23 16:02:23,277:INFO:Uploading model into container now
2021-07-23 16:02:23,277:INFO:create_model_container: 18
2021-07-23 16:02:23,277:INFO:master_model_container: 18
2021-07-23 16:02:23,277:INFO:display_container: 2
2021-07-23 16:02:23,277:INFO:SGDClassifier(alpha=0.0001, average=False, class_weight=None,
              early_stopping=False, epsilon=0.1, eta0=0.001, fit_intercept=True,
              l1_ratio=0.15, learning_rate='optimal', loss='hinge',
              max_iter=1000, n_iter_no_change=5, n_jobs=-1, penalty='l2',
              power_t=0.5, random_state=42, shuffle=True, tol=0.001,
              validation_fraction=0.1, verbose=0, warm_start=False)
2021-07-23 16:02:23,277:INFO:create_model() succesfully completed......................................
2021-07-23 16:02:23,433:INFO:SubProcess create_model() end ==================================
2021-07-23 16:02:23,433:INFO:Creating metrics dataframe
2021-07-23 16:02:23,449:INFO:Initializing Ridge Classifier
2021-07-23 16:02:23,449:INFO:Total runtime is 1.070259161790212 minutes
2021-07-23 16:02:23,461:INFO:SubProcess create_model() called ==================================
2021-07-23 16:02:23,461:INFO:Initializing create_model()
2021-07-23 16:02:23,465:INFO:create_model(estimator=ridge, fold=StratifiedKFold(n_splits=10, random_state=None, shuffle=False), round=4, cross_validation=True, predict=True, fit_kwargs={}, groups=None, refit=False, verbose=False, system=False, metrics=None, display=<pycaret.internal.Display.Display object at 0x00000288B5EFCDC0>, kwargs={})
2021-07-23 16:02:23,465:INFO:Checking exceptions
2021-07-23 16:02:23,465:INFO:Importing libraries
2021-07-23 16:02:23,465:INFO:Copying training dataset
2021-07-23 16:02:23,473:INFO:Defining folds
2021-07-23 16:02:23,473:INFO:Declaring metric variables
2021-07-23 16:02:23,485:INFO:Importing untrained model
2021-07-23 16:02:23,497:INFO:Ridge Classifier Imported succesfully
2021-07-23 16:02:23,517:INFO:Starting cross validation
2021-07-23 16:02:23,521:INFO:Cross validating with StratifiedKFold(n_splits=10, random_state=None, shuffle=False), n_jobs=-1
2021-07-23 16:02:24,403:INFO:Calculating mean and std
2021-07-23 16:02:24,411:INFO:Creating metrics dataframe
2021-07-23 16:02:24,422:INFO:Uploading results into container
2021-07-23 16:02:24,422:INFO:Uploading model into container now
2021-07-23 16:02:24,422:INFO:create_model_container: 19
2021-07-23 16:02:24,422:INFO:master_model_container: 19
2021-07-23 16:02:24,422:INFO:display_container: 2
2021-07-23 16:02:24,426:INFO:RidgeClassifier(alpha=1.0, class_weight=None, copy_X=True, fit_intercept=True,
                max_iter=None, normalize=False, random_state=42, solver='auto',
                tol=0.001)
2021-07-23 16:02:24,426:INFO:create_model() succesfully completed......................................
2021-07-23 16:02:24,611:INFO:SubProcess create_model() end ==================================
2021-07-23 16:02:24,615:INFO:Creating metrics dataframe
2021-07-23 16:02:24,631:INFO:Initializing Random Forest Classifier
2021-07-23 16:02:24,631:INFO:Total runtime is 1.0899647037188211 minutes
2021-07-23 16:02:24,643:INFO:SubProcess create_model() called ==================================
2021-07-23 16:02:24,647:INFO:Initializing create_model()
2021-07-23 16:02:24,647:INFO:create_model(estimator=rf, fold=StratifiedKFold(n_splits=10, random_state=None, shuffle=False), round=4, cross_validation=True, predict=True, fit_kwargs={}, groups=None, refit=False, verbose=False, system=False, metrics=None, display=<pycaret.internal.Display.Display object at 0x00000288B5EFCDC0>, kwargs={})
2021-07-23 16:02:24,647:INFO:Checking exceptions
2021-07-23 16:02:24,647:INFO:Importing libraries
2021-07-23 16:02:24,647:INFO:Copying training dataset
2021-07-23 16:02:24,655:INFO:Defining folds
2021-07-23 16:02:24,655:INFO:Declaring metric variables
2021-07-23 16:02:24,667:INFO:Importing untrained model
2021-07-23 16:02:24,683:INFO:Random Forest Classifier Imported succesfully
2021-07-23 16:02:24,711:INFO:Starting cross validation
2021-07-23 16:02:24,711:INFO:Cross validating with StratifiedKFold(n_splits=10, random_state=None, shuffle=False), n_jobs=-1
2021-07-23 16:04:52,409:INFO:Calculating mean and std
2021-07-23 16:04:52,410:INFO:Creating metrics dataframe
2021-07-23 16:04:52,413:INFO:Uploading results into container
2021-07-23 16:04:52,413:INFO:Uploading model into container now
2021-07-23 16:04:52,414:INFO:create_model_container: 20
2021-07-23 16:04:52,414:INFO:master_model_container: 20
2021-07-23 16:04:52,414:INFO:display_container: 2
2021-07-23 16:04:52,414:INFO:RandomForestClassifier(bootstrap=True, ccp_alpha=0.0, class_weight=None,
                       criterion='gini', max_depth=None, max_features='auto',
                       max_leaf_nodes=None, max_samples=None,
                       min_impurity_decrease=0.0, min_impurity_split=None,
                       min_samples_leaf=1, min_samples_split=2,
                       min_weight_fraction_leaf=0.0, n_estimators=100,
                       n_jobs=-1, oob_score=False, random_state=42, verbose=0,
                       warm_start=False)
2021-07-23 16:04:52,414:INFO:create_model() succesfully completed......................................
2021-07-23 16:04:52,476:INFO:SubProcess create_model() end ==================================
2021-07-23 16:04:52,476:INFO:Creating metrics dataframe
2021-07-23 16:04:52,491:INFO:Initializing Quadratic Discriminant Analysis
2021-07-23 16:04:52,491:INFO:Total runtime is 3.554284143447876 minutes
2021-07-23 16:04:52,497:INFO:SubProcess create_model() called ==================================
2021-07-23 16:04:52,497:INFO:Initializing create_model()
2021-07-23 16:04:52,497:INFO:create_model(estimator=qda, fold=StratifiedKFold(n_splits=10, random_state=None, shuffle=False), round=4, cross_validation=True, predict=True, fit_kwargs={}, groups=None, refit=False, verbose=False, system=False, metrics=None, display=<pycaret.internal.Display.Display object at 0x00000288B5EFCDC0>, kwargs={})
2021-07-23 16:04:52,497:INFO:Checking exceptions
2021-07-23 16:04:52,498:INFO:Importing libraries
2021-07-23 16:04:52,498:INFO:Copying training dataset
2021-07-23 16:04:52,502:INFO:Defining folds
2021-07-23 16:04:52,502:INFO:Declaring metric variables
2021-07-23 16:04:52,509:INFO:Importing untrained model
2021-07-23 16:04:52,516:INFO:Quadratic Discriminant Analysis Imported succesfully
2021-07-23 16:04:52,528:INFO:Starting cross validation
2021-07-23 16:04:52,529:INFO:Cross validating with StratifiedKFold(n_splits=10, random_state=None, shuffle=False), n_jobs=-1
2021-07-23 16:04:55,369:INFO:Calculating mean and std
2021-07-23 16:04:55,369:INFO:Creating metrics dataframe
2021-07-23 16:04:55,373:INFO:Uploading results into container
2021-07-23 16:04:55,373:INFO:Uploading model into container now
2021-07-23 16:04:55,373:INFO:create_model_container: 21
2021-07-23 16:04:55,373:INFO:master_model_container: 21
2021-07-23 16:04:55,373:INFO:display_container: 2
2021-07-23 16:04:55,373:INFO:QuadraticDiscriminantAnalysis(priors=None, reg_param=0.0,
                              store_covariance=False, tol=0.0001)
2021-07-23 16:04:55,373:INFO:create_model() succesfully completed......................................
2021-07-23 16:04:55,434:INFO:SubProcess create_model() end ==================================
2021-07-23 16:04:55,434:INFO:Creating metrics dataframe
2021-07-23 16:04:55,449:INFO:Initializing Ada Boost Classifier
2021-07-23 16:04:55,449:INFO:Total runtime is 3.6035954793294267 minutes
2021-07-23 16:04:55,456:INFO:SubProcess create_model() called ==================================
2021-07-23 16:04:55,456:INFO:Initializing create_model()
2021-07-23 16:04:55,456:INFO:create_model(estimator=ada, fold=StratifiedKFold(n_splits=10, random_state=None, shuffle=False), round=4, cross_validation=True, predict=True, fit_kwargs={}, groups=None, refit=False, verbose=False, system=False, metrics=None, display=<pycaret.internal.Display.Display object at 0x00000288B5EFCDC0>, kwargs={})
2021-07-23 16:04:55,456:INFO:Checking exceptions
2021-07-23 16:04:55,456:INFO:Importing libraries
2021-07-23 16:04:55,457:INFO:Copying training dataset
2021-07-23 16:04:55,461:INFO:Defining folds
2021-07-23 16:04:55,461:INFO:Declaring metric variables
2021-07-23 16:04:55,467:INFO:Importing untrained model
2021-07-23 16:04:55,474:INFO:Ada Boost Classifier Imported succesfully
2021-07-23 16:04:55,487:INFO:Starting cross validation
2021-07-23 16:04:55,488:INFO:Cross validating with StratifiedKFold(n_splits=10, random_state=None, shuffle=False), n_jobs=-1
2021-07-23 16:06:05,773:INFO:Calculating mean and std
2021-07-23 16:06:05,774:INFO:Creating metrics dataframe
2021-07-23 16:06:05,778:INFO:Uploading results into container
2021-07-23 16:06:05,778:INFO:Uploading model into container now
2021-07-23 16:06:05,779:INFO:create_model_container: 22
2021-07-23 16:06:05,779:INFO:master_model_container: 22
2021-07-23 16:06:05,779:INFO:display_container: 2
2021-07-23 16:06:05,779:INFO:AdaBoostClassifier(algorithm='SAMME.R', base_estimator=None, learning_rate=1.0,
                   n_estimators=50, random_state=42)
2021-07-23 16:06:05,779:INFO:create_model() succesfully completed......................................
2021-07-23 16:06:05,860:INFO:SubProcess create_model() end ==================================
2021-07-23 16:06:05,860:INFO:Creating metrics dataframe
2021-07-23 16:06:05,879:INFO:Initializing Gradient Boosting Classifier
2021-07-23 16:06:05,879:INFO:Total runtime is 4.777428511778513 minutes
2021-07-23 16:06:05,889:INFO:SubProcess create_model() called ==================================
2021-07-23 16:06:05,889:INFO:Initializing create_model()
2021-07-23 16:06:05,889:INFO:create_model(estimator=gbc, fold=StratifiedKFold(n_splits=10, random_state=None, shuffle=False), round=4, cross_validation=True, predict=True, fit_kwargs={}, groups=None, refit=False, verbose=False, system=False, metrics=None, display=<pycaret.internal.Display.Display object at 0x00000288B5EFCDC0>, kwargs={})
2021-07-23 16:06:05,889:INFO:Checking exceptions
2021-07-23 16:06:05,889:INFO:Importing libraries
2021-07-23 16:06:05,889:INFO:Copying training dataset
2021-07-23 16:06:05,894:INFO:Defining folds
2021-07-23 16:06:05,894:INFO:Declaring metric variables
2021-07-23 16:06:05,902:INFO:Importing untrained model
2021-07-23 16:06:05,912:INFO:Gradient Boosting Classifier Imported succesfully
2021-07-23 16:06:05,927:INFO:Starting cross validation
2021-07-23 16:06:05,928:INFO:Cross validating with StratifiedKFold(n_splits=10, random_state=None, shuffle=False), n_jobs=-1
2021-07-23 16:12:52,051:INFO:Calculating mean and std
2021-07-23 16:12:52,052:INFO:Creating metrics dataframe
2021-07-23 16:12:52,057:INFO:Uploading results into container
2021-07-23 16:12:52,057:INFO:Uploading model into container now
2021-07-23 16:12:52,057:INFO:create_model_container: 23
2021-07-23 16:12:52,057:INFO:master_model_container: 23
2021-07-23 16:12:52,057:INFO:display_container: 2
2021-07-23 16:12:52,058:INFO:GradientBoostingClassifier(ccp_alpha=0.0, criterion='friedman_mse', init=None,
                           learning_rate=0.1, loss='deviance', max_depth=3,
                           max_features=None, max_leaf_nodes=None,
                           min_impurity_decrease=0.0, min_impurity_split=None,
                           min_samples_leaf=1, min_samples_split=2,
                           min_weight_fraction_leaf=0.0, n_estimators=100,
                           n_iter_no_change=None, presort='deprecated',
                           random_state=42, subsample=1.0, tol=0.0001,
                           validation_fraction=0.1, verbose=0,
                           warm_start=False)
2021-07-23 16:12:52,058:INFO:create_model() succesfully completed......................................
2021-07-23 16:12:52,149:INFO:SubProcess create_model() end ==================================
2021-07-23 16:12:52,150:INFO:Creating metrics dataframe
2021-07-23 16:12:52,172:INFO:Initializing Linear Discriminant Analysis
2021-07-23 16:12:52,172:INFO:Total runtime is 11.54898069302241 minutes
2021-07-23 16:12:52,182:INFO:SubProcess create_model() called ==================================
2021-07-23 16:12:52,182:INFO:Initializing create_model()
2021-07-23 16:12:52,182:INFO:create_model(estimator=lda, fold=StratifiedKFold(n_splits=10, random_state=None, shuffle=False), round=4, cross_validation=True, predict=True, fit_kwargs={}, groups=None, refit=False, verbose=False, system=False, metrics=None, display=<pycaret.internal.Display.Display object at 0x00000288B5EFCDC0>, kwargs={})
2021-07-23 16:12:52,182:INFO:Checking exceptions
2021-07-23 16:12:52,182:INFO:Importing libraries
2021-07-23 16:12:52,183:INFO:Copying training dataset
2021-07-23 16:12:52,189:INFO:Defining folds
2021-07-23 16:12:52,189:INFO:Declaring metric variables
2021-07-23 16:12:52,199:INFO:Importing untrained model
2021-07-23 16:12:52,209:INFO:Linear Discriminant Analysis Imported succesfully
2021-07-23 16:12:52,228:INFO:Starting cross validation
2021-07-23 16:12:52,228:INFO:Cross validating with StratifiedKFold(n_splits=10, random_state=None, shuffle=False), n_jobs=-1
2021-07-23 16:12:56,533:INFO:Calculating mean and std
2021-07-23 16:12:56,534:INFO:Creating metrics dataframe
2021-07-23 16:12:56,538:INFO:Uploading results into container
2021-07-23 16:12:56,539:INFO:Uploading model into container now
2021-07-23 16:12:56,539:INFO:create_model_container: 24
2021-07-23 16:12:56,539:INFO:master_model_container: 24
2021-07-23 16:12:56,539:INFO:display_container: 2
2021-07-23 16:12:56,539:INFO:LinearDiscriminantAnalysis(n_components=None, priors=None, shrinkage=None,
                           solver='svd', store_covariance=False, tol=0.0001)
2021-07-23 16:12:56,540:INFO:create_model() succesfully completed......................................
2021-07-23 16:12:56,631:INFO:SubProcess create_model() end ==================================
2021-07-23 16:12:56,631:INFO:Creating metrics dataframe
2021-07-23 16:12:56,656:INFO:Initializing Extra Trees Classifier
2021-07-23 16:12:56,657:INFO:Total runtime is 11.62372506459554 minutes
2021-07-23 16:12:56,666:INFO:SubProcess create_model() called ==================================
2021-07-23 16:12:56,666:INFO:Initializing create_model()
2021-07-23 16:12:56,666:INFO:create_model(estimator=et, fold=StratifiedKFold(n_splits=10, random_state=None, shuffle=False), round=4, cross_validation=True, predict=True, fit_kwargs={}, groups=None, refit=False, verbose=False, system=False, metrics=None, display=<pycaret.internal.Display.Display object at 0x00000288B5EFCDC0>, kwargs={})
2021-07-23 16:12:56,667:INFO:Checking exceptions
2021-07-23 16:12:56,667:INFO:Importing libraries
2021-07-23 16:12:56,667:INFO:Copying training dataset
2021-07-23 16:12:56,673:INFO:Defining folds
2021-07-23 16:12:56,673:INFO:Declaring metric variables
2021-07-23 16:12:56,682:INFO:Importing untrained model
2021-07-23 16:12:56,692:INFO:Extra Trees Classifier Imported succesfully
2021-07-23 16:12:56,714:INFO:Starting cross validation
2021-07-23 16:12:56,715:INFO:Cross validating with StratifiedKFold(n_splits=10, random_state=None, shuffle=False), n_jobs=-1
2021-07-23 16:13:50,468:INFO:Calculating mean and std
2021-07-23 16:13:50,469:INFO:Creating metrics dataframe
2021-07-23 16:13:50,474:INFO:Uploading results into container
2021-07-23 16:13:50,474:INFO:Uploading model into container now
2021-07-23 16:13:50,474:INFO:create_model_container: 25
2021-07-23 16:13:50,474:INFO:master_model_container: 25
2021-07-23 16:13:50,474:INFO:display_container: 2
2021-07-23 16:13:50,475:INFO:ExtraTreesClassifier(bootstrap=False, ccp_alpha=0.0, class_weight=None,
                     criterion='gini', max_depth=None, max_features='auto',
                     max_leaf_nodes=None, max_samples=None,
                     min_impurity_decrease=0.0, min_impurity_split=None,
                     min_samples_leaf=1, min_samples_split=2,
                     min_weight_fraction_leaf=0.0, n_estimators=100, n_jobs=-1,
                     oob_score=False, random_state=42, verbose=0,
                     warm_start=False)
2021-07-23 16:13:50,475:INFO:create_model() succesfully completed......................................
2021-07-23 16:13:50,563:INFO:SubProcess create_model() end ==================================
2021-07-23 16:13:50,563:INFO:Creating metrics dataframe
2021-07-23 16:13:50,586:INFO:Initializing Light Gradient Boosting Machine
2021-07-23 16:13:50,586:INFO:Total runtime is 12.522542822360991 minutes
2021-07-23 16:13:50,595:INFO:SubProcess create_model() called ==================================
2021-07-23 16:13:50,596:INFO:Initializing create_model()
2021-07-23 16:13:50,596:INFO:create_model(estimator=lightgbm, fold=StratifiedKFold(n_splits=10, random_state=None, shuffle=False), round=4, cross_validation=True, predict=True, fit_kwargs={}, groups=None, refit=False, verbose=False, system=False, metrics=None, display=<pycaret.internal.Display.Display object at 0x00000288B5EFCDC0>, kwargs={})
2021-07-23 16:13:50,596:INFO:Checking exceptions
2021-07-23 16:13:50,596:INFO:Importing libraries
2021-07-23 16:13:50,597:INFO:Copying training dataset
2021-07-23 16:13:50,603:INFO:Defining folds
2021-07-23 16:13:50,604:INFO:Declaring metric variables
2021-07-23 16:13:50,612:INFO:Importing untrained model
2021-07-23 16:13:50,620:INFO:Light Gradient Boosting Machine Imported succesfully
2021-07-23 16:13:50,642:INFO:Starting cross validation
2021-07-23 16:13:50,643:INFO:Cross validating with StratifiedKFold(n_splits=10, random_state=None, shuffle=False), n_jobs=-1
2021-07-23 16:13:59,037:INFO:Calculating mean and std
2021-07-23 16:13:59,039:INFO:Creating metrics dataframe
2021-07-23 16:13:59,042:INFO:Uploading results into container
2021-07-23 16:13:59,043:INFO:Uploading model into container now
2021-07-23 16:13:59,043:INFO:create_model_container: 26
2021-07-23 16:13:59,043:INFO:master_model_container: 26
2021-07-23 16:13:59,043:INFO:display_container: 2
2021-07-23 16:13:59,044:INFO:LGBMClassifier(boosting_type='gbdt', class_weight=None, colsample_bytree=1.0,
               importance_type='split', learning_rate=0.1, max_depth=-1,
               min_child_samples=20, min_child_weight=0.001, min_split_gain=0.0,
               n_estimators=100, n_jobs=-1, num_leaves=31, objective=None,
               random_state=42, reg_alpha=0.0, reg_lambda=0.0, silent=True,
               subsample=1.0, subsample_for_bin=200000, subsample_freq=0)
2021-07-23 16:13:59,044:INFO:create_model() succesfully completed......................................
2021-07-23 16:13:59,132:INFO:SubProcess create_model() end ==================================
2021-07-23 16:13:59,132:INFO:Creating metrics dataframe
2021-07-23 16:13:59,177:INFO:Initializing create_model()
2021-07-23 16:13:59,178:INFO:create_model(estimator=ExtraTreesClassifier(bootstrap=False, ccp_alpha=0.0, class_weight=None,
                     criterion='gini', max_depth=None, max_features='auto',
                     max_leaf_nodes=None, max_samples=None,
                     min_impurity_decrease=0.0, min_impurity_split=None,
                     min_samples_leaf=1, min_samples_split=2,
                     min_weight_fraction_leaf=0.0, n_estimators=100, n_jobs=-1,
                     oob_score=False, random_state=42, verbose=0,
                     warm_start=False), fold=StratifiedKFold(n_splits=10, random_state=None, shuffle=False), round=4, cross_validation=False, predict=False, fit_kwargs={}, groups=None, refit=True, verbose=False, system=False, metrics=None, display=None, kwargs={})
2021-07-23 16:13:59,178:INFO:Checking exceptions
2021-07-23 16:13:59,178:INFO:Importing libraries
2021-07-23 16:13:59,178:INFO:Copying training dataset
2021-07-23 16:13:59,183:INFO:Defining folds
2021-07-23 16:13:59,183:INFO:Declaring metric variables
2021-07-23 16:13:59,183:INFO:Importing untrained model
2021-07-23 16:13:59,183:INFO:Declaring custom model
2021-07-23 16:13:59,184:INFO:Extra Trees Classifier Imported succesfully
2021-07-23 16:13:59,184:INFO:Cross validation set to False
2021-07-23 16:13:59,184:INFO:Fitting Model
2021-07-23 16:14:06,097:INFO:ExtraTreesClassifier(bootstrap=False, ccp_alpha=0.0, class_weight=None,
                     criterion='gini', max_depth=None, max_features='auto',
                     max_leaf_nodes=None, max_samples=None,
                     min_impurity_decrease=0.0, min_impurity_split=None,
                     min_samples_leaf=1, min_samples_split=2,
                     min_weight_fraction_leaf=0.0, n_estimators=100, n_jobs=-1,
                     oob_score=False, random_state=42, verbose=0,
                     warm_start=False)
2021-07-23 16:14:06,097:INFO:create_models() succesfully completed......................................
2021-07-23 16:14:06,204:INFO:Initializing create_model()
2021-07-23 16:14:06,204:INFO:create_model(estimator=RandomForestClassifier(bootstrap=True, ccp_alpha=0.0, class_weight=None,
                       criterion='gini', max_depth=None, max_features='auto',
                       max_leaf_nodes=None, max_samples=None,
                       min_impurity_decrease=0.0, min_impurity_split=None,
                       min_samples_leaf=1, min_samples_split=2,
                       min_weight_fraction_leaf=0.0, n_estimators=100,
                       n_jobs=-1, oob_score=False, random_state=42, verbose=0,
                       warm_start=False), fold=StratifiedKFold(n_splits=10, random_state=None, shuffle=False), round=4, cross_validation=False, predict=False, fit_kwargs={}, groups=None, refit=True, verbose=False, system=False, metrics=None, display=None, kwargs={})
2021-07-23 16:14:06,204:INFO:Checking exceptions
2021-07-23 16:14:06,204:INFO:Importing libraries
2021-07-23 16:14:06,205:INFO:Copying training dataset
2021-07-23 16:14:06,210:INFO:Defining folds
2021-07-23 16:14:06,210:INFO:Declaring metric variables
2021-07-23 16:14:06,210:INFO:Importing untrained model
2021-07-23 16:14:06,210:INFO:Declaring custom model
2021-07-23 16:14:06,211:INFO:Random Forest Classifier Imported succesfully
2021-07-23 16:14:06,211:INFO:Cross validation set to False
2021-07-23 16:14:06,211:INFO:Fitting Model
2021-07-23 16:14:32,635:INFO:RandomForestClassifier(bootstrap=True, ccp_alpha=0.0, class_weight=None,
                       criterion='gini', max_depth=None, max_features='auto',
                       max_leaf_nodes=None, max_samples=None,
                       min_impurity_decrease=0.0, min_impurity_split=None,
                       min_samples_leaf=1, min_samples_split=2,
                       min_weight_fraction_leaf=0.0, n_estimators=100,
                       n_jobs=-1, oob_score=False, random_state=42, verbose=0,
                       warm_start=False)
2021-07-23 16:14:32,635:INFO:create_models() succesfully completed......................................
2021-07-23 16:14:32,742:INFO:Initializing create_model()
2021-07-23 16:14:32,742:INFO:create_model(estimator=LinearDiscriminantAnalysis(n_components=None, priors=None, shrinkage=None,
                           solver='svd', store_covariance=False, tol=0.0001), fold=StratifiedKFold(n_splits=10, random_state=None, shuffle=False), round=4, cross_validation=False, predict=False, fit_kwargs={}, groups=None, refit=True, verbose=False, system=False, metrics=None, display=None, kwargs={})
2021-07-23 16:14:32,742:INFO:Checking exceptions
2021-07-23 16:14:32,743:INFO:Importing libraries
2021-07-23 16:14:32,743:INFO:Copying training dataset
2021-07-23 16:14:32,748:INFO:Defining folds
2021-07-23 16:14:32,748:INFO:Declaring metric variables
2021-07-23 16:14:32,748:INFO:Importing untrained model
2021-07-23 16:14:32,748:INFO:Declaring custom model
2021-07-23 16:14:32,749:INFO:Linear Discriminant Analysis Imported succesfully
2021-07-23 16:14:32,749:INFO:Cross validation set to False
2021-07-23 16:14:32,749:INFO:Fitting Model
2021-07-23 16:14:33,802:INFO:LinearDiscriminantAnalysis(n_components=None, priors=None, shrinkage=None,
                           solver='svd', store_covariance=False, tol=0.0001)
2021-07-23 16:14:33,802:INFO:create_models() succesfully completed......................................
2021-07-23 16:14:33,908:INFO:Initializing create_model()
2021-07-23 16:14:33,908:INFO:create_model(estimator=AdaBoostClassifier(algorithm='SAMME.R', base_estimator=None, learning_rate=1.0,
                   n_estimators=50, random_state=42), fold=StratifiedKFold(n_splits=10, random_state=None, shuffle=False), round=4, cross_validation=False, predict=False, fit_kwargs={}, groups=None, refit=True, verbose=False, system=False, metrics=None, display=None, kwargs={})
2021-07-23 16:14:33,908:INFO:Checking exceptions
2021-07-23 16:14:33,908:INFO:Importing libraries
2021-07-23 16:14:33,909:INFO:Copying training dataset
2021-07-23 16:14:33,913:INFO:Defining folds
2021-07-23 16:14:33,913:INFO:Declaring metric variables
2021-07-23 16:14:33,914:INFO:Importing untrained model
2021-07-23 16:14:33,914:INFO:Declaring custom model
2021-07-23 16:14:33,914:INFO:Ada Boost Classifier Imported succesfully
2021-07-23 16:14:33,914:INFO:Cross validation set to False
2021-07-23 16:14:33,914:INFO:Fitting Model
2021-07-23 16:15:37,368:INFO:AdaBoostClassifier(algorithm='SAMME.R', base_estimator=None, learning_rate=1.0,
                   n_estimators=50, random_state=42)
2021-07-23 16:15:37,368:INFO:create_models() succesfully completed......................................
2021-07-23 16:15:37,463:INFO:Initializing create_model()
2021-07-23 16:15:37,463:INFO:create_model(estimator=DecisionTreeClassifier(ccp_alpha=0.0, class_weight=None, criterion='gini',
                       max_depth=None, max_features=None, max_leaf_nodes=None,
                       min_impurity_decrease=0.0, min_impurity_split=None,
                       min_samples_leaf=1, min_samples_split=2,
                       min_weight_fraction_leaf=0.0, presort='deprecated',
                       random_state=42, splitter='best'), fold=StratifiedKFold(n_splits=10, random_state=None, shuffle=False), round=4, cross_validation=False, predict=False, fit_kwargs={}, groups=None, refit=True, verbose=False, system=False, metrics=None, display=None, kwargs={})
2021-07-23 16:15:37,464:INFO:Checking exceptions
2021-07-23 16:15:37,464:INFO:Importing libraries
2021-07-23 16:15:37,464:INFO:Copying training dataset
2021-07-23 16:15:37,469:INFO:Defining folds
2021-07-23 16:15:37,469:INFO:Declaring metric variables
2021-07-23 16:15:37,469:INFO:Importing untrained model
2021-07-23 16:15:37,469:INFO:Declaring custom model
2021-07-23 16:15:37,470:INFO:Decision Tree Classifier Imported succesfully
2021-07-23 16:15:37,470:INFO:Cross validation set to False
2021-07-23 16:15:37,470:INFO:Fitting Model
2021-07-23 16:15:54,293:INFO:DecisionTreeClassifier(ccp_alpha=0.0, class_weight=None, criterion='gini',
                       max_depth=None, max_features=None, max_leaf_nodes=None,
                       min_impurity_decrease=0.0, min_impurity_split=None,
                       min_samples_leaf=1, min_samples_split=2,
                       min_weight_fraction_leaf=0.0, presort='deprecated',
                       random_state=42, splitter='best')
2021-07-23 16:15:54,293:INFO:create_models() succesfully completed......................................
2021-07-23 16:15:54,424:INFO:create_model_container: 26
2021-07-23 16:15:54,424:INFO:master_model_container: 26
2021-07-23 16:15:54,424:INFO:display_container: 2
2021-07-23 16:15:54,426:INFO:[ExtraTreesClassifier(bootstrap=False, ccp_alpha=0.0, class_weight=None,
                     criterion='gini', max_depth=None, max_features='auto',
                     max_leaf_nodes=None, max_samples=None,
                     min_impurity_decrease=0.0, min_impurity_split=None,
                     min_samples_leaf=1, min_samples_split=2,
                     min_weight_fraction_leaf=0.0, n_estimators=100, n_jobs=-1,
                     oob_score=False, random_state=42, verbose=0,
                     warm_start=False), RandomForestClassifier(bootstrap=True, ccp_alpha=0.0, class_weight=None,
                       criterion='gini', max_depth=None, max_features='auto',
                       max_leaf_nodes=None, max_samples=None,
                       min_impurity_decrease=0.0, min_impurity_split=None,
                       min_samples_leaf=1, min_samples_split=2,
                       min_weight_fraction_leaf=0.0, n_estimators=100,
                       n_jobs=-1, oob_score=False, random_state=42, verbose=0,
                       warm_start=False), LinearDiscriminantAnalysis(n_components=None, priors=None, shrinkage=None,
                           solver='svd', store_covariance=False, tol=0.0001), AdaBoostClassifier(algorithm='SAMME.R', base_estimator=None, learning_rate=1.0,
                   n_estimators=50, random_state=42), DecisionTreeClassifier(ccp_alpha=0.0, class_weight=None, criterion='gini',
                       max_depth=None, max_features=None, max_leaf_nodes=None,
                       min_impurity_decrease=0.0, min_impurity_split=None,
                       min_samples_leaf=1, min_samples_split=2,
                       min_weight_fraction_leaf=0.0, presort='deprecated',
                       random_state=42, splitter='best')]
2021-07-23 16:15:54,426:INFO:compare_models() succesfully completed......................................
2021-07-23 16:15:54,453:INFO:Initializing create_model()
2021-07-23 16:15:54,454:INFO:create_model(estimator=et, fold=10, round=4, cross_validation=True, predict=True, fit_kwargs=None, groups=None, refit=True, verbose=True, system=True, metrics=None, display=None, kwargs={})
2021-07-23 16:15:54,454:INFO:Checking exceptions
2021-07-23 16:15:54,454:INFO:Preparing display monitor
2021-07-23 16:15:54,474:INFO:Importing libraries
2021-07-23 16:15:54,474:INFO:Copying training dataset
2021-07-23 16:15:54,480:INFO:Defining folds
2021-07-23 16:15:54,481:INFO:Declaring metric variables
2021-07-23 16:15:54,489:INFO:Importing untrained model
2021-07-23 16:15:54,500:INFO:Extra Trees Classifier Imported succesfully
2021-07-23 16:15:54,519:INFO:Starting cross validation
2021-07-23 16:15:54,519:INFO:Cross validating with StratifiedKFold(n_splits=10, random_state=None, shuffle=False), n_jobs=-1
2021-07-23 16:16:42,289:INFO:Calculating mean and std
2021-07-23 16:16:42,291:INFO:Creating metrics dataframe
2021-07-23 16:16:42,300:INFO:Finalizing model
2021-07-23 16:16:48,345:INFO:Uploading results into container
2021-07-23 16:16:48,346:INFO:Uploading model into container now
2021-07-23 16:16:48,361:INFO:create_model_container: 27
2021-07-23 16:16:48,361:INFO:master_model_container: 27
2021-07-23 16:16:48,361:INFO:display_container: 3
2021-07-23 16:16:48,361:INFO:ExtraTreesClassifier(bootstrap=False, ccp_alpha=0.0, class_weight=None,
                     criterion='gini', max_depth=None, max_features='auto',
                     max_leaf_nodes=None, max_samples=None,
                     min_impurity_decrease=0.0, min_impurity_split=None,
                     min_samples_leaf=1, min_samples_split=2,
                     min_weight_fraction_leaf=0.0, n_estimators=100, n_jobs=-1,
                     oob_score=False, random_state=42, verbose=0,
                     warm_start=False)
2021-07-23 16:16:48,362:INFO:create_model() succesfully completed......................................
2021-07-23 16:16:48,442:INFO:Initializing create_model()
2021-07-23 16:16:48,442:INFO:create_model(estimator=rf, fold=10, round=4, cross_validation=True, predict=True, fit_kwargs=None, groups=None, refit=True, verbose=True, system=True, metrics=None, display=None, kwargs={})
2021-07-23 16:16:48,442:INFO:Checking exceptions
2021-07-23 16:16:48,442:INFO:Preparing display monitor
2021-07-23 16:16:48,458:INFO:Importing libraries
2021-07-23 16:16:48,459:INFO:Copying training dataset
2021-07-23 16:16:48,465:INFO:Defining folds
2021-07-23 16:16:48,465:INFO:Declaring metric variables
2021-07-23 16:16:48,473:INFO:Importing untrained model
2021-07-23 16:16:48,483:INFO:Random Forest Classifier Imported succesfully
2021-07-23 16:16:48,501:INFO:Starting cross validation
2021-07-23 16:16:48,502:INFO:Cross validating with StratifiedKFold(n_splits=10, random_state=None, shuffle=False), n_jobs=-1
2021-07-23 16:19:32,799:INFO:Calculating mean and std
2021-07-23 16:19:32,800:INFO:Creating metrics dataframe
2021-07-23 16:19:32,810:INFO:Finalizing model
2021-07-23 16:19:56,369:INFO:Uploading results into container
2021-07-23 16:19:56,369:INFO:Uploading model into container now
2021-07-23 16:19:56,382:INFO:create_model_container: 28
2021-07-23 16:19:56,382:INFO:master_model_container: 28
2021-07-23 16:19:56,383:INFO:display_container: 4
2021-07-23 16:19:56,383:INFO:RandomForestClassifier(bootstrap=True, ccp_alpha=0.0, class_weight=None,
                       criterion='gini', max_depth=None, max_features='auto',
                       max_leaf_nodes=None, max_samples=None,
                       min_impurity_decrease=0.0, min_impurity_split=None,
                       min_samples_leaf=1, min_samples_split=2,
                       min_weight_fraction_leaf=0.0, n_estimators=100,
                       n_jobs=-1, oob_score=False, random_state=42, verbose=0,
                       warm_start=False)
2021-07-23 16:19:56,383:INFO:create_model() succesfully completed......................................
2021-07-23 16:19:56,455:INFO:Initializing create_model()
2021-07-23 16:19:56,455:INFO:create_model(estimator=lda, fold=10, round=4, cross_validation=True, predict=True, fit_kwargs=None, groups=None, refit=True, verbose=True, system=True, metrics=None, display=None, kwargs={})
2021-07-23 16:19:56,455:INFO:Checking exceptions
2021-07-23 16:19:56,455:INFO:Preparing display monitor
2021-07-23 16:19:56,471:INFO:Importing libraries
2021-07-23 16:19:56,471:INFO:Copying training dataset
2021-07-23 16:19:56,478:INFO:Defining folds
2021-07-23 16:19:56,478:INFO:Declaring metric variables
2021-07-23 16:19:56,487:INFO:Importing untrained model
2021-07-23 16:19:56,495:INFO:Linear Discriminant Analysis Imported succesfully
2021-07-23 16:19:56,512:INFO:Starting cross validation
2021-07-23 16:19:56,512:INFO:Cross validating with StratifiedKFold(n_splits=10, random_state=None, shuffle=False), n_jobs=-1
2021-07-23 16:20:00,532:INFO:Calculating mean and std
2021-07-23 16:20:00,533:INFO:Creating metrics dataframe
2021-07-23 16:20:00,544:INFO:Finalizing model
2021-07-23 16:20:01,539:INFO:Uploading results into container
2021-07-23 16:20:01,540:INFO:Uploading model into container now
2021-07-23 16:20:01,553:INFO:create_model_container: 29
2021-07-23 16:20:01,553:INFO:master_model_container: 29
2021-07-23 16:20:01,553:INFO:display_container: 5
2021-07-23 16:20:01,553:INFO:LinearDiscriminantAnalysis(n_components=None, priors=None, shrinkage=None,
                           solver='svd', store_covariance=False, tol=0.0001)
2021-07-23 16:20:01,553:INFO:create_model() succesfully completed......................................
2021-07-23 16:20:01,616:INFO:Initializing create_model()
2021-07-23 16:20:01,616:INFO:create_model(estimator=dt, fold=10, round=4, cross_validation=True, predict=True, fit_kwargs=None, groups=None, refit=True, verbose=True, system=True, metrics=None, display=None, kwargs={})
2021-07-23 16:20:01,616:INFO:Checking exceptions
2021-07-23 16:20:01,616:INFO:Preparing display monitor
2021-07-23 16:20:01,632:INFO:Importing libraries
2021-07-23 16:20:01,632:INFO:Copying training dataset
2021-07-23 16:20:01,637:INFO:Defining folds
2021-07-23 16:20:01,638:INFO:Declaring metric variables
2021-07-23 16:20:01,644:INFO:Importing untrained model
2021-07-23 16:20:01,651:INFO:Decision Tree Classifier Imported succesfully
2021-07-23 16:20:01,666:INFO:Starting cross validation
2021-07-23 16:20:01,667:INFO:Cross validating with StratifiedKFold(n_splits=10, random_state=None, shuffle=False), n_jobs=-1
2021-07-23 16:20:21,585:INFO:Calculating mean and std
2021-07-23 16:20:21,586:INFO:Creating metrics dataframe
2021-07-23 16:20:21,596:INFO:Finalizing model
2021-07-23 16:20:35,307:INFO:Uploading results into container
2021-07-23 16:20:35,307:INFO:Uploading model into container now
2021-07-23 16:20:35,320:INFO:create_model_container: 30
2021-07-23 16:20:35,320:INFO:master_model_container: 30
2021-07-23 16:20:35,321:INFO:display_container: 6
2021-07-23 16:20:35,321:INFO:DecisionTreeClassifier(ccp_alpha=0.0, class_weight=None, criterion='gini',
                       max_depth=None, max_features=None, max_leaf_nodes=None,
                       min_impurity_decrease=0.0, min_impurity_split=None,
                       min_samples_leaf=1, min_samples_split=2,
                       min_weight_fraction_leaf=0.0, presort='deprecated',
                       random_state=42, splitter='best')
2021-07-23 16:20:35,321:INFO:create_model() succesfully completed......................................
2021-07-23 16:20:35,391:INFO:Initializing create_model()
2021-07-23 16:20:35,391:INFO:create_model(estimator=gbc, fold=10, round=4, cross_validation=True, predict=True, fit_kwargs=None, groups=None, refit=True, verbose=True, system=True, metrics=None, display=None, kwargs={})
2021-07-23 16:20:35,391:INFO:Checking exceptions
2021-07-23 16:20:35,392:INFO:Preparing display monitor
2021-07-23 16:20:35,406:INFO:Importing libraries
2021-07-23 16:20:35,406:INFO:Copying training dataset
2021-07-23 16:20:35,411:INFO:Defining folds
2021-07-23 16:20:35,412:INFO:Declaring metric variables
2021-07-23 16:20:35,418:INFO:Importing untrained model
2021-07-23 16:20:35,426:INFO:Gradient Boosting Classifier Imported succesfully
2021-07-23 16:20:35,440:INFO:Starting cross validation
2021-07-23 16:20:35,441:INFO:Cross validating with StratifiedKFold(n_splits=10, random_state=None, shuffle=False), n_jobs=-1
2021-07-23 16:25:23,713:INFO:PyCaret Supervised Module
2021-07-23 16:25:23,713:INFO:ML Usecase: classification
2021-07-23 16:25:23,713:INFO:version 2.3.2
2021-07-23 16:25:23,713:INFO:Initializing setup()
2021-07-23 16:25:23,713:INFO:setup(target=Class, ml_usecase=classification, available_plots={'parameter': 'Hyperparameters', 'auc': 'AUC', 'confusion_matrix': 'Confusion Matrix', 'threshold': 'Threshold', 'pr': 'Precision Recall', 'error': 'Prediction Error', 'class_report': 'Class Report', 'rfe': 'Feature Selection', 'learning': 'Learning Curve', 'manifold': 'Manifold Learning', 'calibration': 'Calibration Curve', 'vc': 'Validation Curve', 'dimension': 'Dimensions', 'feature': 'Feature Importance', 'feature_all': 'Feature Importance (All)', 'boundary': 'Decision Boundary', 'lift': 'Lift Chart', 'gain': 'Gain Chart', 'tree': 'Decision Tree', 'ks': 'KS Statistic Plot'}, train_size=0.8, test_data=None, preprocess=True, imputation_type=simple, iterative_imputation_iters=5, categorical_features=None, categorical_imputation=mode, categorical_iterative_imputer=lightgbm, ordinal_features=None, high_cardinality_features=None, high_cardinality_method=frequency, numeric_features=None, numeric_imputation=median, numeric_iterative_imputer=lightgbm, date_features=None, ignore_features=None, normalize=False, normalize_method=zscore, transformation=False, transformation_method=yeo-johnson, handle_unknown_categorical=True, unknown_categorical_method=least_frequent, pca=False, pca_method=linear, pca_components=None, ignore_low_variance=False, combine_rare_levels=False, rare_level_threshold=0.1, bin_numeric_features=None, remove_outliers=False, outliers_threshold=0.05, remove_multicollinearity=False, multicollinearity_threshold=0.9, remove_perfect_collinearity=True, create_clusters=False, cluster_iter=20, polynomial_features=False, polynomial_degree=2, trigonometry_features=False, polynomial_threshold=0.1, group_features=None, group_names=None, feature_selection=False, feature_selection_threshold=0.8, feature_selection_method=classic, feature_interaction=False, feature_ratio=False, interaction_threshold=0.01, fix_imbalance=False, fix_imbalance_method=None, transform_target=False, transform_target_method=box-cox, data_split_shuffle=True, data_split_stratify=False, fold_strategy=stratifiedkfold, fold=10, fold_shuffle=False, fold_groups=None, n_jobs=-1, use_gpu=False, custom_pipeline=None, html=True, session_id=42, log_experiment=False, experiment_name=None, log_plots=False, log_profile=False, log_data=False, silent=False, verbose=True, profile=False, profile_kwargs=None, display=None)
2021-07-23 16:25:23,714:INFO:Checking environment
2021-07-23 16:25:23,714:INFO:python_version: 3.8.8
2021-07-23 16:25:23,714:INFO:python_build: ('default', 'Apr 13 2021 15:08:03')
2021-07-23 16:25:23,714:INFO:machine: AMD64
2021-07-23 16:25:23,714:INFO:platform: Windows-10-10.0.19041-SP0
2021-07-23 16:25:23,715:INFO:Memory: svmem(total=17042837504, available=8704094208, percent=48.9, used=8338743296, free=8704094208)
2021-07-23 16:25:23,715:INFO:Physical Core: 8
2021-07-23 16:25:23,715:INFO:Logical Core: 16
2021-07-23 16:25:23,715:INFO:Checking libraries
2021-07-23 16:25:23,715:INFO:pd==1.2.4
2021-07-23 16:25:23,715:INFO:numpy==1.19.5
2021-07-23 16:25:23,715:INFO:sklearn==0.23.2
2021-07-23 16:25:23,715:INFO:lightgbm==3.2.1
2021-07-23 16:25:23,716:WARNING:catboost not found
2021-07-23 16:25:23,717:WARNING:xgboost not found
2021-07-23 16:25:24,822:INFO:mlflow==1.19.0
2021-07-23 16:25:24,822:INFO:Checking Exceptions
2021-07-23 16:25:24,823:INFO:Declaring global variables
2021-07-23 16:25:24,823:INFO:USI: 49c7
2021-07-23 16:25:24,823:INFO:pycaret_globals: {'X', 'transform_target_param', 'stratify_param', '_all_metrics', 'iterative_imputation_iters_param', 'pycaret_globals', 'fold_param', 'master_model_container', 'n_jobs_param', 'fold_shuffle_param', 'y', 'imputation_regressor', 'fix_imbalance_param', 'seed', 'gpu_param', 'experiment__', '_gpu_n_jobs_param', 'log_plots_param', '_internal_pipeline', 'logging_param', '_ml_usecase', '_all_models', 'transform_target_method_param', 'data_before_preprocess', 'target_param', 'X_test', 'imputation_classifier', 'fix_imbalance_method_param', 'y_test', '_all_models_internal', 'fold_generator', 'prep_pipe', 'y_train', 'fold_groups_param', 'display_container', 'exp_name_log', 'fold_groups_param_full', 'X_train', 'html_param', 'create_model_container', 'USI', '_available_plots'}
2021-07-23 16:25:24,823:INFO:Preparing display monitor
2021-07-23 16:25:24,823:INFO:Preparing display monitor
2021-07-23 16:25:24,837:INFO:Importing libraries
2021-07-23 16:25:24,837:INFO:Copying data for preprocessing
2021-07-23 16:25:24,859:INFO:Declaring preprocessing parameters
2021-07-23 16:25:24,895:INFO:Creating preprocessing pipeline
2021-07-23 16:25:25,803:INFO:Preprocessing pipeline created successfully
2021-07-23 16:25:25,804:ERROR:(Process Exit): setup has been interupted with user command 'quit'. setup must rerun.
2021-07-23 16:25:25,804:INFO:Creating global containers
2021-07-23 16:25:25,808:INFO:Internal pipeline: Pipeline(memory=None, steps=[('empty_step', 'passthrough')], verbose=False)
